
=== 2025-01-08 18:53:50 ===
--- HTTP Response ---
From: 61.48.83.230:80
Status: 304

Response Headers:
HTTP/1.1 304 Not Modified
Server: Tengine
Connection: keep-alive
Date: Fri, 25 Oct 2024 04:13:44 GMT
Expires: Fri, 25 Oct 2024 16:13:40 GMT
Cache-Control: max-age=43200
Accept-Ranges: bytes
Origin-Agent-Cluster: ?0
Via: cache55.l2cn3130[0,0,304-0,H], cache10.l2cn3130[1,0], kunlun10.cn6489[0,0,304-0,H], kunlun4.cn6489[1,0]
Last-Modified: Tue, 12 Mar 2024 05:59:37 GMT
ETag: "65efef49-16dc5"
Age: 6504010
Ali-Swift-Global-Savetime: 1729829620
X-Cache: HIT TCP_IMS_HIT dirn:-2:-2
X-Swift-SaveTime: Wed, 27 Nov 2024 13:22:15 GMT
X-Swift-CacheTime: 12667885
Access-Control-Allow-Origin: *
Access-Control-Allow-Methods: POST,GET,HEAD,PUT,DELETE
Access-Control-Max-Age: 3600
Timing-Allow-Origin: *
EagleId: 3d30538917363336307118296e




=== 2025-01-08 18:53:50 ===
--- HTTP Response ---
From: 61.48.83.230:80
Status: 304

Response Headers:
HTTP/1.1 304 Not Modified
Server: Tengine
Connection: keep-alive
Date: Mon, 04 Nov 2024 00:54:40 GMT
Last-Modified: Tue, 12 Mar 2024 05:59:20 GMT
ETag: "65efef38-f88"
Expires: Mon, 04 Nov 2024 12:54:36 GMT
Cache-Control: max-age=43200
Accept-Ranges: bytes
Origin-Agent-Cluster: ?0
Via: cache23.l2cn7484[58,58,200-0,M], cache44.l2cn7484[59,0], kunlun6.cn6489[0,0,304-0,H], kunlun4.cn6489[1,0]
Age: 5651954
Ali-Swift-Global-Savetime: 1730681676
X-Cache: HIT TCP_IMS_HIT dirn:-2:-2
X-Swift-SaveTime: Mon, 04 Nov 2024 00:54:36 GMT
X-Swift-CacheTime: 15552000
Access-Control-Allow-Origin: *
Access-Control-Allow-Methods: POST,GET,HEAD,PUT,DELETE
Access-Control-Max-Age: 3600
Timing-Allow-Origin: *
EagleId: 3d30538917363336307238315e




=== 2025-01-08 18:53:51 ===
--- HTTP Response ---
From: 61.48.83.230:80
Status: 304

Response Headers:
HTTP/1.1 304 Not Modified
Server: Tengine
Connection: keep-alive
Date: Mon, 30 Sep 2024 00:52:26 GMT
Expires: Mon, 30 Sep 2024 12:52:22 GMT
Cache-Control: max-age=43200
Origin-Agent-Cluster: ?0
Last-Modified: Tue, 12 Mar 2024 05:59:37 GMT
ETag: "65efef49-2640"
Accept-Ranges: bytes
Via: cache32.l2cn3171[0,0,200-0,H], cache6.l2cn3171[1,0], kunlun8.cn6489[0,0,304-0,H], kunlun4.cn6489[1,0]
Age: 8676088
Ali-Swift-Global-Savetime: 1727657542
X-Cache: HIT TCP_IMS_HIT dirn:-2:-2
X-Swift-SaveTime: Fri, 01 Nov 2024 08:58:43 GMT
X-Swift-CacheTime: 12758019
Access-Control-Allow-Origin: *
Access-Control-Allow-Methods: POST,GET,HEAD,PUT,DELETE
Access-Control-Max-Age: 3600
Timing-Allow-Origin: *
EagleId: 3d30538917363336307648376e




=== 2025-01-08 18:53:51 ===
--- HTTP Response ---
From: 61.48.83.230:80
Status: 304

Response Headers:
HTTP/1.1 304 Not Modified
Server: Tengine
Connection: keep-alive
Date: Sat, 05 Oct 2024 00:44:43 GMT
Expires: Sat, 05 Oct 2024 12:44:39 GMT
Cache-Control: max-age=43200
Origin-Agent-Cluster: ?0
Last-Modified: Tue, 12 Mar 2024 05:59:20 GMT
ETag: "65efef38-152"
Accept-Ranges: bytes
Via: cache33.l2cn3171[0,0,200-0,H], cache15.l2cn3171[1,0], kunlun6.cn6489[0,0,304-0,H], kunlun4.cn6489[1,0]
Age: 8244551
Ali-Swift-Global-Savetime: 1728089079
X-Cache: HIT TCP_IMS_HIT dirn:-2:-2
X-Swift-SaveTime: Fri, 01 Nov 2024 09:00:20 GMT
X-Swift-CacheTime: 13189459
Access-Control-Allow-Origin: *
Access-Control-Allow-Methods: POST,GET,HEAD,PUT,DELETE
Access-Control-Max-Age: 3600
Timing-Allow-Origin: *
EagleId: 3d30538917363336308058432e



