
=== HTTP Transaction at Fri Jan 10 11:32:36 2025
Source IP: 10.211.55.17
Source Port: 58826
Destination IP: 60.222.116.104
Destination Port: 80

--- Request ---
Method: GET
URI: /assets/video.js/video.min.js
Host: Unknown

Request Headers:
GET /assets/video.js/video.min.js HTTP/1.1
Host: static.huangye88.cn
User-Agent: Mozilla/5.0 (X11; Linux aarch64; rv:109.0) Gecko/20100101 Firefox/115.0
Accept: */*
Accept-Language: en-US,en;q=0.5
Accept-Encoding: gzip, deflate
Connection: keep-alive
Referer: http://shtongxi.b2b.huangye88.com/
If-Modified-Since: Tue, 12 Mar 2024 05:59:38 GMT
If-None-Match: W/"65efef4a-8cbc0"



=== HTTP Transaction at Fri Jan 10 11:32:37 2025
Source IP: 10.211.55.17
Source Port: 58826
Destination IP: 60.222.116.104
Destination Port: 80

--- Request ---
Method: GET
URI: /images/qiye/0/fafa.jpg?v=20201019
Host: Unknown

Request Headers:
GET /images/qiye/0/fafa.jpg?v=20201019 HTTP/1.1
Host: static.huangye88.cn
User-Agent: Mozilla/5.0 (X11; Linux aarch64; rv:109.0) Gecko/20100101 Firefox/115.0
Accept: image/avif,image/webp,*/*
Accept-Language: en-US,en;q=0.5
Accept-Encoding: gzip, deflate
Connection: keep-alive
Referer: http://shtongxi.b2b.huangye88.com/
If-Modified-Since: Tue, 12 Mar 2024 05:59:20 GMT
If-None-Match: "65efef38-79dd"



=== HTTP Transaction at Fri Jan 10 11:32:37 2025
Source IP: 10.211.55.17
Source Port: 58826
Destination IP: 60.222.116.104
Destination Port: 80

--- Request ---
Method: GET
URI: /js/sharecode/img/weibo.png
Host: Unknown

Request Headers:
GET /js/sharecode/img/weibo.png HTTP/1.1
Host: static.huangye88.cn
User-Agent: Mozilla/5.0 (X11; Linux aarch64; rv:109.0) Gecko/20100101 Firefox/115.0
Accept: image/avif,image/webp,*/*
Accept-Language: en-US,en;q=0.5
Accept-Encoding: gzip, deflate
Connection: keep-alive
Referer: http://shtongxi.b2b.huangye88.com/
If-Modified-Since: Tue, 12 Mar 2024 05:59:37 GMT
If-None-Match: "65efef49-292f"



=== HTTP Transaction at Fri Jan 10 11:32:37 2025
Source IP: 10.211.55.17
Source Port: 58826
Destination IP: 60.222.116.104
Destination Port: 80

--- Request ---
Method: GET
URI: /js/sharecode/img/baidu.png
Host: Unknown

Request Headers:
GET /js/sharecode/img/baidu.png HTTP/1.1
Host: static.huangye88.cn
User-Agent: Mozilla/5.0 (X11; Linux aarch64; rv:109.0) Gecko/20100101 Firefox/115.0
Accept: image/avif,image/webp,*/*
Accept-Language: en-US,en;q=0.5
Accept-Encoding: gzip, deflate
Connection: keep-alive
Referer: http://shtongxi.b2b.huangye88.com/
If-Modified-Since: Tue, 12 Mar 2024 05:59:37 GMT
If-None-Match: "65efef49-4888"



=== HTTP Transaction at Fri Jan 10 11:32:38 2025
Source IP: 10.211.55.17
Source Port: 58826
Destination IP: 60.222.116.104
Destination Port: 80

--- Request ---
Method: GET
URI: /images/qiye/wxjt.png
Host: Unknown

Request Headers:
GET /images/qiye/wxjt.png HTTP/1.1
Host: static.huangye88.cn
User-Agent: Mozilla/5.0 (X11; Linux aarch64; rv:109.0) Gecko/20100101 Firefox/115.0
Accept: image/avif,image/webp,*/*
Accept-Language: en-US,en;q=0.5
Accept-Encoding: gzip, deflate
Connection: keep-alive
Referer: http://shtongxi.b2b.huangye88.com/



=== HTTP Transaction at Fri Jan 10 11:32:43 2025
Source IP: 10.211.55.17
Source Port: 58826
Destination IP: 60.222.116.104
Destination Port: 80

--- Request ---
Method: GET
URI: /bd/api/js/view/share_view.js?v=3ae6026d.js
Host: Unknown

Request Headers:
GET /bd/api/js/view/share_view.js?v=3ae6026d.js HTTP/1.1
Host: static.huangye88.cn
User-Agent: Mozilla/5.0 (X11; Linux aarch64; rv:109.0) Gecko/20100101 Firefox/115.0
Accept: */*
Accept-Language: en-US,en;q=0.5
Accept-Encoding: gzip, deflate
Connection: keep-alive
Referer: http://shtongxi.b2b.huangye88.com/
If-Modified-Since: Tue, 12 Mar 2024 05:59:39 GMT
If-None-Match: W/"65efef4b-582"



=== HTTP Transaction at Fri Jan 10 11:32:43 2025
Source IP: 10.211.55.17
Source Port: 58826
Destination IP: 60.222.116.104
Destination Port: 80

--- Request ---
Method: GET
URI: /bd/api/js/share/api_base.js
Host: Unknown

Request Headers:
GET /bd/api/js/share/api_base.js HTTP/1.1
Host: static.huangye88.cn
User-Agent: Mozilla/5.0 (X11; Linux aarch64; rv:109.0) Gecko/20100101 Firefox/115.0
Accept: */*
Accept-Language: en-US,en;q=0.5
Accept-Encoding: gzip, deflate
Connection: keep-alive
Referer: http://shtongxi.b2b.huangye88.com/
If-Modified-Since: Tue, 12 Mar 2024 05:59:39 GMT
If-None-Match: W/"65efef4b-5bc"



=== HTTP Transaction at Fri Jan 10 11:32:43 2025
Source IP: 10.211.55.17
Source Port: 58826
Destination IP: 60.222.116.104
Destination Port: 80

--- Request ---
Method: GET
URI: /js/jquery.js
Host: Unknown

Request Headers:
GET /js/jquery.js HTTP/1.1
Host: static.huangye88.cn
User-Agent: Mozilla/5.0 (X11; Linux aarch64; rv:109.0) Gecko/20100101 Firefox/115.0
Accept: */*
Accept-Language: en-US,en;q=0.5
Accept-Encoding: gzip, deflate
Connection: keep-alive
Referer: http://my.huangye88.com/
If-Modified-Since: Tue, 12 Mar 2024 05:59:37 GMT
If-None-Match: W/"65efef49-16dc5"


