
=== HTTP Transaction at Fri Jan 10 11:32:37 2025
Source IP: 10.211.55.17
Source Port: 34990
Destination IP: 117.21.178.69
Destination Port: 80

--- Request ---
Method: GET
URI: /live/user/1736785/1687250205062371100-3.jpg@1e_1c_220w_220h_90Q
Host: Unknown

Request Headers:
GET /live/user/1736785/1687250205062371100-3.jpg@1e_1c_220w_220h_90Q HTTP/1.1
Host: oss10.huangye88.net
User-Agent: Mozilla/5.0 (X11; Linux aarch64; rv:109.0) Gecko/20100101 Firefox/115.0
Accept: image/avif,image/webp,*/*
Accept-Language: en-US,en;q=0.5
Accept-Encoding: gzip, deflate
Connection: keep-alive
Referer: http://shtongxi.b2b.huangye88.com/
If-Modified-Since: Sat, 25 Nov 2023 16:21:13 GMT
If-None-Match: "65621ef9-1ddf"



=== HTTP Transaction at Fri Jan 10 11:32:37 2025
Source IP: 10.211.55.17
Source Port: 34990
Destination IP: 117.21.178.69
Destination Port: 80

--- Request ---
Method: GET
URI: /live/user/1736785/1687250205062371100-1.jpg@1e_1c_220w_220h_90Q
Host: Unknown

Request Headers:
GET /live/user/1736785/1687250205062371100-1.jpg@1e_1c_220w_220h_90Q HTTP/1.1
Host: oss10.huangye88.net
User-Agent: Mozilla/5.0 (X11; Linux aarch64; rv:109.0) Gecko/20100101 Firefox/115.0
Accept: image/avif,image/webp,*/*
Accept-Language: en-US,en;q=0.5
Accept-Encoding: gzip, deflate
Connection: keep-alive
Referer: http://shtongxi.b2b.huangye88.com/
If-Modified-Since: Sun, 03 Dec 2023 18:57:24 GMT
If-None-Match: "656ccf94-2f87"



=== HTTP Transaction at Fri Jan 10 11:32:37 2025
Source IP: 10.211.55.17
Source Port: 34990
Destination IP: 117.21.178.69
Destination Port: 80

--- Request ---
Method: GET
URI: /live/ueditor/php/upload/1736785/image/20221013/1665633860532919.jpg@1e_1c_220w_220h_90Q
Host: Unknown

Request Headers:
GET /live/ueditor/php/upload/1736785/image/20221013/1665633860532919.jpg@1e_1c_220w_220h_90Q HTTP/1.1
Host: oss10.huangye88.net
User-Agent: Mozilla/5.0 (X11; Linux aarch64; rv:109.0) Gecko/20100101 Firefox/115.0
Accept: image/avif,image/webp,*/*
Accept-Language: en-US,en;q=0.5
Accept-Encoding: gzip, deflate
Connection: keep-alive
Referer: http://shtongxi.b2b.huangye88.com/
If-Modified-Since: Tue, 26 Nov 2024 19:40:52 GMT
If-None-Match: "67462444-3dd6"



=== HTTP Transaction at Fri Jan 10 11:32:37 2025
Source IP: 10.211.55.17
Source Port: 34990
Destination IP: 117.21.178.69
Destination Port: 80

--- Request ---
Method: GET
URI: /live/ueditor/php/upload/1736785/image/20230401/1680335758793770.jpg@1e_1c_220w_220h_90Q
Host: Unknown

Request Headers:
GET /live/ueditor/php/upload/1736785/image/20230401/1680335758793770.jpg@1e_1c_220w_220h_90Q HTTP/1.1
Host: oss10.huangye88.net
User-Agent: Mozilla/5.0 (X11; Linux aarch64; rv:109.0) Gecko/20100101 Firefox/115.0
Accept: image/avif,image/webp,*/*
Accept-Language: en-US,en;q=0.5
Accept-Encoding: gzip, deflate
Connection: keep-alive
Referer: http://shtongxi.b2b.huangye88.com/
If-Modified-Since: Tue, 24 Oct 2023 09:59:24 GMT
If-None-Match: "6537957c-43f6"


