
=== HTTP Transaction at Fri Jan 10 11:32:36 2025
Source IP: 10.211.55.17
Source Port: 58806
Destination IP: 60.222.116.104
Destination Port: 80

--- Request ---
Method: GET
URI: /images/qiye/0/css.css?v=202309
Host: Unknown

Request Headers:
GET /images/qiye/0/css.css?v=202309 HTTP/1.1
Host: static.huangye88.cn
User-Agent: Mozilla/5.0 (X11; Linux aarch64; rv:109.0) Gecko/20100101 Firefox/115.0
Accept: text/css,*/*;q=0.1
Accept-Language: en-US,en;q=0.5
Accept-Encoding: gzip, deflate
Connection: keep-alive
Referer: http://shtongxi.b2b.huangye88.com/
If-Modified-Since: Thu, 23 May 2024 03:26:00 GMT
If-None-Match: W/"664eb748-763b"



=== HTTP Transaction at Fri Jan 10 11:32:37 2025
Source IP: 10.211.55.17
Source Port: 58806
Destination IP: 60.222.116.104
Destination Port: 80

--- Request ---
Method: GET
URI: /images/qiye/0/fafa.png
Host: Unknown

Request Headers:
GET /images/qiye/0/fafa.png HTTP/1.1
Host: static.huangye88.cn
User-Agent: Mozilla/5.0 (X11; Linux aarch64; rv:109.0) Gecko/20100101 Firefox/115.0
Accept: image/avif,image/webp,*/*
Accept-Language: en-US,en;q=0.5
Accept-Encoding: gzip, deflate
Connection: keep-alive
Referer: http://shtongxi.b2b.huangye88.com/
If-Modified-Since: Tue, 12 Mar 2024 05:59:20 GMT
If-None-Match: "65efef38-f88"



=== HTTP Transaction at Fri Jan 10 11:32:37 2025
Source IP: 10.211.55.17
Source Port: 58806
Destination IP: 60.222.116.104
Destination Port: 80

--- Request ---
Method: GET
URI: /js/sharecode/img/qzone.png
Host: Unknown

Request Headers:
GET /js/sharecode/img/qzone.png HTTP/1.1
Host: static.huangye88.cn
User-Agent: Mozilla/5.0 (X11; Linux aarch64; rv:109.0) Gecko/20100101 Firefox/115.0
Accept: image/avif,image/webp,*/*
Accept-Language: en-US,en;q=0.5
Accept-Encoding: gzip, deflate
Connection: keep-alive
Referer: http://shtongxi.b2b.huangye88.com/
If-Modified-Since: Tue, 12 Mar 2024 05:59:37 GMT
If-None-Match: "65efef49-27e3"



=== HTTP Transaction at Fri Jan 10 11:32:37 2025
Source IP: 10.211.55.17
Source Port: 58806
Destination IP: 60.222.116.104
Destination Port: 80

--- Request ---
Method: GET
URI: /images/qiye/0/icon.png?v=2019021402
Host: Unknown

Request Headers:
GET /images/qiye/0/icon.png?v=2019021402 HTTP/1.1
Host: static.huangye88.cn
User-Agent: Mozilla/5.0 (X11; Linux aarch64; rv:109.0) Gecko/20100101 Firefox/115.0
Accept: image/avif,image/webp,*/*
Accept-Language: en-US,en;q=0.5
Accept-Encoding: gzip, deflate
Connection: keep-alive
Referer: http://static.huangye88.cn/images/qiye/0/css.css?v=202309
If-Modified-Since: Tue, 12 Mar 2024 05:59:20 GMT
If-None-Match: "65efef38-41dc"


