
=== 2025-01-08 18:53:50 ===
--- HTTP Request ---
From: 10.211.55.17:33938
Method: GET
URI: /js/sharecode/sharecode.js?v=20230313

Request Headers:
GET /js/sharecode/sharecode.js?v=20230313 HTTP/1.1
Host: static.huangye88.cn
User-Agent: Mozilla/5.0 (X11; Linux aarch64; rv:109.0) Gecko/20100101 Firefox/115.0
Accept: */*
Accept-Language: en-US,en;q=0.5
Accept-Encoding: gzip, deflate
Connection: keep-alive
Referer: http://shtongxi.b2b.huangye88.com/
If-Modified-Since: Tue, 12 Mar 2024 05:59:37 GMT
If-None-Match: W/"65efef49-14f8"




=== 2025-01-08 18:53:50 ===
--- HTTP Request ---
From: 10.211.55.17:33938
Method: GET
URI: /images/item/d_share_icon.png

Request Headers:
GET /images/item/d_share_icon.png HTTP/1.1
Host: static.huangye88.cn
User-Agent: Mozilla/5.0 (X11; Linux aarch64; rv:109.0) Gecko/20100101 Firefox/115.0
Accept: image/avif,image/webp,*/*
Accept-Language: en-US,en;q=0.5
Accept-Encoding: gzip, deflate
Connection: keep-alive
Referer: http://shtongxi.b2b.huangye88.com/




=== 2025-01-08 18:53:51 ===
--- HTTP Request ---
From: 10.211.55.17:33938
Method: GET
URI: /js/sharecode/img/qq.png

Request Headers:
GET /js/sharecode/img/qq.png HTTP/1.1
Host: static.huangye88.cn
User-Agent: Mozilla/5.0 (X11; Linux aarch64; rv:109.0) Gecko/20100101 Firefox/115.0
Accept: image/avif,image/webp,*/*
Accept-Language: en-US,en;q=0.5
Accept-Encoding: gzip, deflate
Connection: keep-alive
Referer: http://shtongxi.b2b.huangye88.com/
If-Modified-Since: Tue, 12 Mar 2024 05:59:37 GMT
If-None-Match: "65efef49-1fac"




=== 2025-01-08 18:53:51 ===
--- HTTP Request ---
From: 10.211.55.17:33938
Method: GET
URI: /js/sharecode/qrcode.js

Request Headers:
GET /js/sharecode/qrcode.js HTTP/1.1
Host: static.huangye88.cn
User-Agent: Mozilla/5.0 (X11; Linux aarch64; rv:109.0) Gecko/20100101 Firefox/115.0
Accept: */*
Accept-Language: en-US,en;q=0.5
Accept-Encoding: gzip, deflate
Connection: keep-alive
Referer: http://shtongxi.b2b.huangye88.com/
If-Modified-Since: Tue, 12 Mar 2024 05:59:37 GMT
If-None-Match: W/"65efef49-8190"




=== 2025-01-08 18:53:51 ===
--- HTTP Request ---
From: 10.211.55.17:33938
Method: GET
URI: /images/qiye/0/icon.png?v=2019021402

Request Headers:
GET /images/qiye/0/icon.png?v=2019021402 HTTP/1.1
Host: static.huangye88.cn
User-Agent: Mozilla/5.0 (X11; Linux aarch64; rv:109.0) Gecko/20100101 Firefox/115.0
Accept: image/avif,image/webp,*/*
Accept-Language: en-US,en;q=0.5
Accept-Encoding: gzip, deflate
Connection: keep-alive
Referer: http://static.huangye88.cn/images/qiye/0/css.css?v=202309
If-Modified-Since: Tue, 12 Mar 2024 05:59:20 GMT
If-None-Match: "65efef38-41dc"




=== 2025-01-08 18:53:51 ===
--- HTTP Request ---
From: 10.211.55.17:33938
Method: GET
URI: /bd/api/js/view/share_view.js?v=3ae6026d.js

Request Headers:
GET /bd/api/js/view/share_view.js?v=3ae6026d.js HTTP/1.1
Host: static.huangye88.cn
User-Agent: Mozilla/5.0 (X11; Linux aarch64; rv:109.0) Gecko/20100101 Firefox/115.0
Accept: */*
Accept-Language: en-US,en;q=0.5
Accept-Encoding: gzip, deflate
Connection: keep-alive
Referer: http://shtongxi.b2b.huangye88.com/
If-Modified-Since: Tue, 12 Mar 2024 05:59:39 GMT
If-None-Match: W/"65efef4b-582"




=== 2025-01-08 18:53:51 ===
--- HTTP Request ---
From: 10.211.55.17:33938
Method: GET
URI: /bd/api/js/share/api_base.js

Request Headers:
GET /bd/api/js/share/api_base.js HTTP/1.1
Host: static.huangye88.cn
User-Agent: Mozilla/5.0 (X11; Linux aarch64; rv:109.0) Gecko/20100101 Firefox/115.0
Accept: */*
Accept-Language: en-US,en;q=0.5
Accept-Encoding: gzip, deflate
Connection: keep-alive
Referer: http://shtongxi.b2b.huangye88.com/
If-Modified-Since: Tue, 12 Mar 2024 05:59:39 GMT
If-None-Match: W/"65efef4b-5bc"



