
--- Response ---
Status Code: 200
Content-Type: Unknown

Response Headers:
HTTP/1.1 200 OK
Server: nginx
Content-Length: 8
Via: 1.1 google
Date: Thu, 09 Jan 2025 07:40:37 GMT
Age: 71855
Content-Type: text/plain
Cache-Control: public,must-revalidate,max-age=0,s-maxage=3600

success


Connection ID: HTTP_1390242594_288871178_80_49136
=== End of Transaction ===


--- Response ---
Status Code: 200
Content-Type: Unknown

Response Headers:
HTTP/1.1 200 OK
Server: nginx
Content-Length: 8
Via: 1.1 google
Date: Thu, 09 Jan 2025 07:40:37 GMT
Age: 71905
Content-Type: text/plain
Cache-Control: public,must-revalidate,max-age=0,s-maxage=3600

success


Connection ID: HTTP_1390242594_288871178_80_49136
=== End of Transaction ===

