
--- Response ---
Status Code: 200
Content-Type: Unknown

Response Headers:
HTTP/1.1 200 OK
Server: nginx
Content-Type: application/ocsp-response
Content-Length: 504
ETag: "E53D37E344FBAE216A2541166CC72BB7324CF3FD3E28CE36A7C6737CBA77C0B0"
Last-Modified: Tue, 07 Jan 2025 20:27:00 UTC
Cache-Control: public, no-transform, must-revalidate, max-age=3128
Expires: Fri, 10 Jan 2025 04:30:20 GMT
Date: Fri, 10 Jan 2025 03:38:12 GMT
Connection: keep-alive

0‚ô


Connection ID: HTTP_3384661309_288871178_80_32878
=== End of Transaction ===


--- Response ---
Status Code: 200
Content-Type: Unknown

Response Headers:
HTTP/1.1 200 OK
Server: nginx
Content-Type: application/ocsp-response
Content-Length: 504
ETag: "4C522B58771F60258A95C744C785E6CF1095DDDC5022312381830084E42F6A0E"
Last-Modified: Wed, 08 Jan 2025 18:24:00 UTC
Cache-Control: public, no-transform, must-revalidate, max-age=3241
Expires: Fri, 10 Jan 2025 04:32:14 GMT
Date: Fri, 10 Jan 2025 03:38:13 GMT
Connection: keep-alive

0‚ô


Connection ID: HTTP_3384661309_288871178_80_32878
=== End of Transaction ===

