
=== 2025-01-08 18:53:50 ===
--- HTTP Response ---
From: 61.48.83.230:80
Status: 304

Response Headers:
HTTP/1.1 304 Not Modified
Server: Tengine
Connection: keep-alive
Date: Tue, 17 Dec 2024 00:19:56 GMT
Last-Modified: Tue, 12 Mar 2024 05:59:37 GMT
ETag: "65efef49-14f8"
Expires: Tue, 17 Dec 2024 12:19:50 GMT
Cache-Control: max-age=43200
Accept-Ranges: bytes
Origin-Agent-Cluster: ?0
Via: cache49.l2cn8045[0,0,200-0,H], cache38.l2cn8045[1,0], kunlun5.cn6489[0,0,304-0,H], kunlun8.cn6489[1,0]
Age: 1938840
Ali-Swift-Global-Savetime: 1734394790
X-Cache: HIT TCP_IMS_HIT dirn:-2:-2
X-Swift-SaveTime: Thu, 02 Jan 2025 06:25:31 GMT
X-Swift-CacheTime: 14147659
Access-Control-Allow-Origin: *
Access-Control-Allow-Methods: POST,GET,HEAD,PUT,DELETE
Access-Control-Max-Age: 3600
Timing-Allow-Origin: *
EagleId: 3d30538d17363336307398453e




=== 2025-01-08 18:53:50 ===
--- HTTP Response ---
From: 61.48.83.230:80
Status: 200

Response Headers:
HTTP/1.1 200 OK
Server: Tengine
Content-Type: image/png
Content-Length: 1390
Connection: keep-alive
Date: Sat, 05 Oct 2024 00:46:44 GMT
Expires: Sat, 05 Oct 2024 12:46:40 GMT
Cache-Control: max-age=43200
Origin-Agent-Cluster: ?0
Last-Modified: Tue, 12 Mar 2024 05:59:30 GMT
ETag: "65efef42-56e"
Accept-Ranges: bytes
Via: cache15.l2cn3171[0,0,200-0,H], cache10.l2cn3171[1,0], kunlun4.cn6489[0,0,200-0,H], kunlun8.cn6489[1,0]
Age: 8244430
Ali-Swift-Global-Savetime: 1728089200
X-Cache: HIT TCP_MEM_HIT dirn:-2:-2
X-Swift-SaveTime: Fri, 01 Nov 2024 08:59:29 GMT
X-Swift-CacheTime: 13189631
Access-Control-Allow-Origin: *
Access-Control-Allow-Methods: POST,GET,HEAD,PUT,DELETE
Access-Control-Max-Age: 3600
Timing-Allow-Origin: *
EagleId: 3d30538d17363336307508462e

‰PNG




=== 2025-01-08 18:53:51 ===
--- HTTP Response ---
From: 61.48.83.230:80
Status: 304

Response Headers:
HTTP/1.1 304 Not Modified
Server: Tengine
Connection: keep-alive
Date: Sun, 29 Sep 2024 03:00:21 GMT
Expires: Sun, 29 Sep 2024 15:00:18 GMT
Cache-Control: max-age=43200
Origin-Agent-Cluster: ?0
Last-Modified: Tue, 12 Mar 2024 05:59:37 GMT
ETag: "65efef49-1fac"
Accept-Ranges: bytes
Via: cache38.l2cn3171[0,0,200-0,H], cache12.l2cn3171[1,0], kunlun1.cn6489[0,0,304-0,H], kunlun8.cn6489[0,0]
Age: 8754812
Ali-Swift-Global-Savetime: 1727578818
X-Cache: HIT TCP_IMS_HIT dirn:-2:-2
X-Swift-SaveTime: Fri, 01 Nov 2024 08:58:44 GMT
X-Swift-CacheTime: 12679294
Access-Control-Allow-Origin: *
Access-Control-Allow-Methods: POST,GET,HEAD,PUT,DELETE
Access-Control-Max-Age: 3600
Timing-Allow-Origin: *
EagleId: 3d30538d17363336307898530e




=== 2025-01-08 18:53:51 ===
--- HTTP Response ---
From: 61.48.83.230:80
Status: 304

Response Headers:
HTTP/1.1 304 Not Modified
Server: Tengine
Connection: keep-alive
Date: Sun, 29 Sep 2024 01:09:35 GMT
Expires: Sun, 29 Sep 2024 13:09:32 GMT
Cache-Control: max-age=43200
Origin-Agent-Cluster: ?0
Last-Modified: Tue, 12 Mar 2024 05:59:37 GMT
ETag: "65efef49-8190"
Accept-Ranges: bytes
Via: cache31.l2cn3171[0,0,200-0,H], cache2.l2cn3171[1,0], kunlun7.cn6489[0,0,304-0,H], kunlun8.cn6489[0,0]
Age: 8761458
Ali-Swift-Global-Savetime: 1727572172
X-Cache: HIT TCP_IMS_HIT dirn:-2:-2
X-Swift-SaveTime: Fri, 01 Nov 2024 08:58:43 GMT
X-Swift-CacheTime: 12672649
Access-Control-Allow-Origin: *
Access-Control-Allow-Methods: POST,GET,HEAD,PUT,DELETE
Access-Control-Max-Age: 3600
Timing-Allow-Origin: *
EagleId: 3d30538d17363336308038553e




=== 2025-01-08 18:53:51 ===
--- HTTP Response ---
From: 61.48.83.230:80
Status: 304

Response Headers:
HTTP/1.1 304 Not Modified
Server: Tengine
Connection: keep-alive
Date: Mon, 04 Nov 2024 03:24:17 GMT
Expires: Mon, 04 Nov 2024 15:24:12 GMT
Cache-Control: max-age=43200
Origin-Agent-Cluster: ?0
Accept-Ranges: bytes
Via: cache33.l2cn2656[0,0,304-0,H], cache7.l2cn2656[1,0], kunlun6.cn6489[0,0,304-0,H], kunlun8.cn6489[0,0]
Last-Modified: Tue, 12 Mar 2024 05:59:20 GMT
ETag: "65efef38-41dc"
Age: 5642978
Ali-Swift-Global-Savetime: 1730690652
X-Cache: HIT TCP_IMS_HIT dirn:-2:-2
X-Swift-SaveTime: Sat, 07 Dec 2024 07:48:10 GMT
X-Swift-CacheTime: 12684962
Access-Control-Allow-Origin: *
Access-Control-Allow-Methods: POST,GET,HEAD,PUT,DELETE
Access-Control-Max-Age: 3600
Timing-Allow-Origin: *
EagleId: 3d30538d17363336308298585e




=== 2025-01-08 18:53:51 ===
--- HTTP Response ---
From: 61.48.83.230:80
Status: 304

Response Headers:
HTTP/1.1 304 Not Modified
Server: Tengine
Connection: keep-alive
Date: Fri, 04 Oct 2024 02:39:36 GMT
Expires: Fri, 04 Oct 2024 14:39:32 GMT
Cache-Control: max-age=43200
Origin-Agent-Cluster: ?0
Last-Modified: Tue, 12 Mar 2024 05:59:39 GMT
ETag: "65efef4b-582"
Accept-Ranges: bytes
Via: cache42.l2cn3171[0,0,200-0,H], cache12.l2cn3171[1,0], kunlun9.cn6489[0,0,304-0,H], kunlun8.cn6489[1,0]
Age: 8324059
Ali-Swift-Global-Savetime: 1728009572
X-Cache: HIT TCP_IMS_HIT dirn:-2:-2
X-Swift-SaveTime: Fri, 01 Nov 2024 08:58:45 GMT
X-Swift-CacheTime: 13110047
Access-Control-Allow-Origin: *
Access-Control-Allow-Methods: POST,GET,HEAD,PUT,DELETE
Access-Control-Max-Age: 3600
Timing-Allow-Origin: *
EagleId: 3d30538d17363336312891233e




=== 2025-01-08 18:53:51 ===
--- HTTP Response ---
From: 61.48.83.230:80
Status: 304

Response Headers:
HTTP/1.1 304 Not Modified
Server: Tengine
Connection: keep-alive
Date: Sun, 29 Sep 2024 02:59:46 GMT
Expires: Sun, 29 Sep 2024 14:59:43 GMT
Cache-Control: max-age=43200
Origin-Agent-Cluster: ?0
Last-Modified: Tue, 12 Mar 2024 05:59:39 GMT
ETag: "65efef4b-5bc"
Accept-Ranges: bytes
Via: cache21.l2cn3171[0,0,200-0,H], cache7.l2cn3171[1,0], kunlun1.cn6489[0,0,304-0,H], kunlun8.cn6489[0,0]
Age: 8754848
Ali-Swift-Global-Savetime: 1727578783
X-Cache: HIT TCP_IMS_HIT dirn:-2:-2
X-Swift-SaveTime: Fri, 01 Nov 2024 08:58:45 GMT
X-Swift-CacheTime: 12679258
Access-Control-Allow-Origin: *
Access-Control-Allow-Methods: POST,GET,HEAD,PUT,DELETE
Access-Control-Max-Age: 3600
Timing-Allow-Origin: *
EagleId: 3d30538d17363336313141265e



