
--- Response ---
Status Code: 200
Content-Type: Unknown

Response Headers:
HTTP/1.1 200 OK
Server: nginx
Content-Type: application/ocsp-response
Content-Length: 504
ETag: "EA5C9E52086CB7D4B2B07E0BC50E7906627B1384279D54A7FCD575DA89DED8F1"
Last-Modified: Tue, 07 Jan 2025 17:55:00 UTC
Cache-Control: public, no-transform, must-revalidate, max-age=3476
Expires: Fri, 10 Jan 2025 04:36:09 GMT
Date: Fri, 10 Jan 2025 03:38:13 GMT
Connection: keep-alive

0‚ô


Connection ID: HTTP_2730349885_288871178_80_59590
=== End of Transaction ===


--- Response ---
Status Code: 200
Content-Type: Unknown

Response Headers:
HTTP/1.1 200 OK
Server: nginx
Content-Type: application/ocsp-response
Content-Length: 504
ETag: "D4AD110B3C0719345EAF3D4786D6A735159937B34CB2AB475E9F7D75A766BA98"
Last-Modified: Wed, 08 Jan 2025 07:53:00 UTC
Cache-Control: public, no-transform, must-revalidate, max-age=2174
Expires: Fri, 10 Jan 2025 04:14:53 GMT
Date: Fri, 10 Jan 2025 03:38:39 GMT
Connection: keep-alive

0‚ô


Connection ID: HTTP_2730349885_288871178_80_59590
=== End of Transaction ===

