
--- Response ---
Status Code: 304
Content-Type: Unknown

Response Headers:
HTTP/1.1 304 Not Modified
Server: nginx/1.18.0
Date: Fri, 10 Jan 2025 03:38:19 GMT
Last-Modified: Mon, 29 Jan 2024 08:52:31 GMT
Connection: keep-alive
ETag: "65b7674f-47a6"
Expires: Sat, 11 Jan 2025 03:38:19 GMT
Cache-Control: max-age=86400
Content-Type: image/jpeg



Connection ID: HTTP_1169298805_288871178_80_35000
=== End of Transaction ===


--- Response ---
Status Code: 304
Content-Type: Unknown

Response Headers:
HTTP/1.1 304 Not Modified
Server: nginx/1.18.0
Date: Fri, 10 Jan 2025 03:38:19 GMT
Last-Modified: Mon, 24 May 2021 06:03:58 GMT
Connection: keep-alive
ETag: "60ab41ce-14ec5"
Expires: Sat, 11 Jan 2025 03:38:19 GMT
Cache-Control: max-age=86400
Access-Control-Allow-Origin: *
Access-Control-Allow-Methods: *
Access-Control-Allow-Headers: *
Access-Control-Expose-Headers: Etag



Connection ID: HTTP_1169298805_288871178_80_35000
=== End of Transaction ===


--- Response ---
Status Code: 200
Content-Type: Unknown

Response Headers:
HTTP/1.1 200 OK
Server: nginx/1.18.0
Date: Fri, 10 Jan 2025 03:38:20 GMT
Content-Type: application/octet-stream
Content-Length: 16185
Last-Modified: Mon, 14 Nov 2022 10:29:16 GMT
Connection: keep-alive
ETag: "6372187c-3f39"
Expires: Sat, 11 Jan 2025 03:38:20 GMT
Cache-Control: max-age=86400
Content-Type: image/jpeg
Accept-Ranges: bytes

د؈

Connection ID: HTTP_1169298805_288871178_80_35000
=== End of Transaction ===

