
=== 2025-01-08 18:53:50 ===
--- HTTP Response ---
From: 61.48.83.230:80
Status: 304

Response Headers:
HTTP/1.1 304 Not Modified
Server: Tengine
Connection: keep-alive
Date: Thu, 03 Oct 2024 03:43:13 GMT
Vary: Accept-Encoding
Last-Modified: Thu, 23 May 2024 03:26:00 GMT
ETag: "664eb748-763b"
Expires: Thu, 03 Oct 2024 15:43:10 GMT
Cache-Control: max-age=43200
Accept-Ranges: bytes
Origin-Agent-Cluster: ?0
Via: cache30.l2cn3171[0,0,200-0,H], cache61.l2cn3171[1,0], kunlun8.cn6489[0,0,304-0,H], kunlun10.cn6489[1,0]
Age: 8406640
Ali-Swift-Global-Savetime: 1727926990
X-Cache: HIT TCP_IMS_HIT dirn:11:397717537
X-Swift-SaveTime: Fri, 01 Nov 2024 09:04:42 GMT
X-Swift-CacheTime: 13027108
Access-Control-Allow-Origin: *
Access-Control-Allow-Methods: POST,GET,HEAD,PUT,DELETE
Access-Control-Max-Age: 3600
Timing-Allow-Origin: *
EagleId: 3d30538f17363336307418902e




=== 2025-01-08 18:53:50 ===
--- HTTP Response ---
From: 61.48.83.230:80
Status: 200

Response Headers:
HTTP/1.1 200 OK
Server: Tengine
Content-Type: image/png
Content-Length: 1407
Connection: keep-alive
Date: Sun, 29 Sep 2024 00:39:38 GMT
Expires: Sun, 29 Sep 2024 12:39:34 GMT
Cache-Control: max-age=43200
Origin-Agent-Cluster: ?0
Last-Modified: Tue, 12 Mar 2024 05:59:35 GMT
ETag: "65efef47-57f"
Accept-Ranges: bytes
Via: cache9.l2cn3171[0,0,200-0,H], cache41.l2cn3171[1,0], kunlun2.cn6489[0,0,200-0,H], kunlun10.cn6489[1,0]
Age: 8763256
Ali-Swift-Global-Savetime: 1727570374
X-Cache: HIT TCP_MEM_HIT dirn:-2:-2
X-Swift-SaveTime: Fri, 01 Nov 2024 09:00:11 GMT
X-Swift-CacheTime: 12670763
Access-Control-Allow-Origin: *
Access-Control-Allow-Methods: POST,GET,HEAD,PUT,DELETE
Access-Control-Max-Age: 3600
Timing-Allow-Origin: *
EagleId: 3d30538f17363336307528914e

‰PNG




=== 2025-01-08 18:53:51 ===
--- HTTP Response ---
From: 61.48.83.230:80
Status: 304

Response Headers:
HTTP/1.1 304 Not Modified
Server: Tengine
Connection: keep-alive
Date: Mon, 30 Sep 2024 02:19:46 GMT
Expires: Mon, 30 Sep 2024 14:19:42 GMT
Cache-Control: max-age=43200
Origin-Agent-Cluster: ?0
Last-Modified: Tue, 12 Mar 2024 05:59:37 GMT
ETag: "65efef49-292f"
Accept-Ranges: bytes
Via: cache28.l2cn3171[0,13,200-0,H], cache2.l2cn3171[15,0], kunlun6.cn6489[0,0,304-0,H], kunlun10.cn6489[0,0]
Age: 8670848
Ali-Swift-Global-Savetime: 1727662782
X-Cache: HIT TCP_IMS_HIT dirn:-2:-2
X-Swift-SaveTime: Fri, 01 Nov 2024 08:58:44 GMT
X-Swift-CacheTime: 12763258
Access-Control-Allow-Origin: *
Access-Control-Allow-Methods: POST,GET,HEAD,PUT,DELETE
Access-Control-Max-Age: 3600
Timing-Allow-Origin: *
EagleId: 3d30538f17363336307768942e




=== 2025-01-08 18:53:51 ===
--- HTTP Response ---
From: 61.48.83.230:80
Status: 304

Response Headers:
HTTP/1.1 304 Not Modified
Server: Tengine
Connection: keep-alive
Date: Fri, 01 Nov 2024 05:48:46 GMT
Last-Modified: Tue, 12 Mar 2024 05:59:37 GMT
ETag: "65efef49-27e3"
Expires: Fri, 01 Nov 2024 17:48:41 GMT
Cache-Control: max-age=43200
Accept-Ranges: bytes
Origin-Agent-Cluster: ?0
Via: cache31.l2cn3171[0,0,200-0,H], cache67.l2cn3171[1,0], kunlun1.cn6489[0,0,304-0,H], kunlun10.cn6489[0,0]
Age: 5893509
Ali-Swift-Global-Savetime: 1730440121
X-Cache: HIT TCP_IMS_HIT dirn:-2:-2
X-Swift-SaveTime: Fri, 01 Nov 2024 08:58:44 GMT
X-Swift-CacheTime: 15540597
Access-Control-Allow-Origin: *
Access-Control-Allow-Methods: POST,GET,HEAD,PUT,DELETE
Access-Control-Max-Age: 3600
Timing-Allow-Origin: *
EagleId: 3d30538f17363336307888956e




=== 2025-01-08 18:53:51 ===
--- HTTP Response ---
From: 61.48.83.230:80
Status: 304

Response Headers:
HTTP/1.1 304 Not Modified
Server: Tengine
Connection: keep-alive
Date: Sun, 29 Sep 2024 01:53:04 GMT
Expires: Sun, 29 Sep 2024 13:53:01 GMT
Cache-Control: max-age=43200
Origin-Agent-Cluster: ?0
Last-Modified: Tue, 12 Mar 2024 05:59:37 GMT
ETag: "65efef49-4888"
Accept-Ranges: bytes
Via: cache42.l2cn3171[0,0,200-0,H], cache33.l2cn3171[1,0], kunlun4.cn6489[0,0,304-0,H], kunlun10.cn6489[0,0]
Age: 8758849
Ali-Swift-Global-Savetime: 1727574781
X-Cache: HIT TCP_IMS_HIT dirn:-2:-2
X-Swift-SaveTime: Fri, 01 Nov 2024 08:58:44 GMT
X-Swift-CacheTime: 12675257
Access-Control-Allow-Origin: *
Access-Control-Allow-Methods: POST,GET,HEAD,PUT,DELETE
Access-Control-Max-Age: 3600
Timing-Allow-Origin: *
EagleId: 3d30538f17363336308058979e




=== 2025-01-08 18:53:51 ===
--- HTTP Response ---
From: 61.48.83.230:80
Status: 304

Response Headers:
HTTP/1.1 304 Not Modified
Server: Tengine
Connection: keep-alive
Date: Sun, 24 Nov 2024 04:36:46 GMT
Expires: Sun, 24 Nov 2024 16:36:41 GMT
Cache-Control: max-age=43200
Accept-Ranges: bytes
Origin-Agent-Cluster: ?0
Via: cache3.l2cn7484[0,5,304-0,H], cache49.l2cn7484[6,0], kunlun7.cn6489[0,0,304-0,H], kunlun10.cn6489[0,0]
Last-Modified: Tue, 12 Mar 2024 05:59:20 GMT
ETag: "65efef38-4e0"
Age: 3910629
Ali-Swift-Global-Savetime: 1732423001
X-Cache: HIT TCP_IMS_HIT dirn:-2:-2
X-Swift-SaveTime: Mon, 25 Nov 2024 00:39:25 GMT
X-Swift-CacheTime: 15479836
Access-Control-Allow-Origin: *
Access-Control-Allow-Methods: POST,GET,HEAD,PUT,DELETE
Access-Control-Max-Age: 3600
Timing-Allow-Origin: *
EagleId: 3d30538f17363336308311018e




=== 2025-01-08 18:53:51 ===
--- HTTP Response ---
From: 61.48.83.230:80
Status: 304

Response Headers:
HTTP/1.1 304 Not Modified
Server: Tengine
Connection: keep-alive
Date: Sat, 12 Oct 2024 07:54:42 GMT
Expires: Sat, 12 Oct 2024 19:54:38 GMT
Cache-Control: max-age=43200
Origin-Agent-Cluster: ?0
Last-Modified: Tue, 12 Mar 2024 05:59:20 GMT
ETag: "65efef38-41dc"
Accept-Ranges: bytes
Via: cache8.l2cn3171[0,0,200-0,H], cache49.l2cn3171[1,0], kunlun9.cn6489[0,0,304-0,H], kunlun10.cn6489[0,0]
Age: 7613952
Ali-Swift-Global-Savetime: 1728719678
X-Cache: HIT TCP_IMS_HIT dirn:-2:-2
X-Swift-SaveTime: Fri, 01 Nov 2024 09:00:20 GMT
X-Swift-CacheTime: 13820058
Access-Control-Allow-Origin: *
Access-Control-Allow-Methods: POST,GET,HEAD,PUT,DELETE
Access-Control-Max-Age: 3600
Timing-Allow-Origin: *
EagleId: 3d30538f17363336308441037e




=== 2025-01-08 18:53:51 ===
--- HTTP Response ---
From: 61.48.83.230:80
Status: 304

Response Headers:
HTTP/1.1 304 Not Modified
Server: Tengine
Connection: keep-alive
Date: Thu, 10 Oct 2024 00:21:41 GMT
Expires: Thu, 10 Oct 2024 12:21:37 GMT
Cache-Control: max-age=43200
Origin-Agent-Cluster: ?0
Last-Modified: Tue, 12 Mar 2024 05:59:21 GMT
ETag: "65efef39-2b5"
Accept-Ranges: bytes
Via: cache22.l2cn3171[0,0,200-0,H], cache33.l2cn3171[1,0], kunlun4.cn6489[0,0,304-0,H], kunlun10.cn6489[0,0]
Age: 7813933
Ali-Swift-Global-Savetime: 1728519697
X-Cache: HIT TCP_IMS_HIT dirn:-2:-2
X-Swift-SaveTime: Fri, 01 Nov 2024 09:00:11 GMT
X-Swift-CacheTime: 13620086
Access-Control-Allow-Origin: *
Access-Control-Allow-Methods: POST,GET,HEAD,PUT,DELETE
Access-Control-Max-Age: 3600
Timing-Allow-Origin: *
EagleId: 3d30538f17363336308571053e




=== 2025-01-08 18:53:51 ===
--- HTTP Response ---
From: 61.48.83.230:80
Status: 304

Response Headers:
HTTP/1.1 304 Not Modified
Server: Tengine
Connection: keep-alive
Date: Mon, 04 Nov 2024 02:47:28 GMT
Last-Modified: Tue, 12 Mar 2024 05:59:39 GMT
ETag: "65efef4b-437f"
Expires: Mon, 04 Nov 2024 14:47:23 GMT
Cache-Control: max-age=43200
Accept-Ranges: bytes
Origin-Agent-Cluster: ?0
Via: cache50.l2cn7484[0,0,200-0,H], cache34.l2cn7484[1,0], kunlun1.cn6489[0,0,304-0,H], kunlun10.cn6489[0,0]
Age: 5645188
Ali-Swift-Global-Savetime: 1730688443
X-Cache: HIT TCP_IMS_HIT dirn:-2:-2
X-Swift-SaveTime: Tue, 05 Nov 2024 19:54:22 GMT
X-Swift-CacheTime: 15403981
Access-Control-Allow-Origin: *
Access-Control-Allow-Methods: POST,GET,HEAD,PUT,DELETE
Access-Control-Max-Age: 3600
Timing-Allow-Origin: *
EagleId: 3d30538f17363336312151538e




=== 2025-01-08 18:53:51 ===
--- HTTP Response ---
From: 61.48.83.230:80
Status: 304

Response Headers:
HTTP/1.1 304 Not Modified
Server: Tengine
Connection: keep-alive
Date: Tue, 05 Nov 2024 02:08:06 GMT
Last-Modified: Tue, 12 Mar 2024 05:59:39 GMT
ETag: "65efef4b-27c"
Expires: Tue, 05 Nov 2024 14:08:02 GMT
Cache-Control: max-age=43200
Accept-Ranges: bytes
Origin-Agent-Cluster: ?0
Via: cache26.l2cn7484[0,0,200-0,H], cache10.l2cn7484[1,0], kunlun5.cn6489[0,0,304-0,H], kunlun10.cn6489[1,0]
Age: 5561149
Ali-Swift-Global-Savetime: 1730772482
X-Cache: HIT TCP_IMS_HIT dirn:-2:-2
X-Swift-SaveTime: Tue, 05 Nov 2024 19:54:22 GMT
X-Swift-CacheTime: 15488020
Access-Control-Allow-Origin: *
Access-Control-Allow-Methods: POST,GET,HEAD,PUT,DELETE
Access-Control-Max-Age: 3600
Timing-Allow-Origin: *
EagleId: 3d30538f17363336312911653e




=== 2025-01-08 18:53:51 ===
--- HTTP Response ---
From: 61.48.83.230:80
Status: 304

Response Headers:
HTTP/1.1 304 Not Modified
Server: Tengine
Connection: keep-alive
Date: Wed, 21 Aug 2024 19:56:35 GMT
Last-Modified: Tue, 12 Mar 2024 05:59:39 GMT
ETag: "65efef4b-1aae7"
Expires: Thu, 22 Aug 2024 07:56:17 GMT
Cache-Control: max-age=43200
Accept-Ranges: bytes
Origin-Agent-Cluster: ?0
Via: cache46.l2cn3021[0,0,200-0,H], cache42.l2cn3021[1,0], kunlun3.cn6489[0,0,304-0,H], kunlun10.cn6489[0,0]
Age: 12063439
Ali-Swift-Global-Savetime: 1724270192
X-Cache: HIT TCP_IMS_HIT dirn:-2:-2
X-Swift-SaveTime: Tue, 26 Nov 2024 14:27:46 GMT
X-Swift-CacheTime: 7190926
Access-Control-Allow-Origin: *
Access-Control-Allow-Methods: POST,GET,HEAD,PUT,DELETE
Access-Control-Max-Age: 3600
Timing-Allow-Origin: *
EagleId: 3d30538f17363336313141693e




=== 2025-01-08 18:53:51 ===
--- HTTP Response ---
From: 61.48.83.230:80
Status: 304

Response Headers:
HTTP/1.1 304 Not Modified
Server: Tengine
Connection: keep-alive
Date: Fri, 04 Oct 2024 06:55:43 GMT
Expires: Fri, 04 Oct 2024 18:55:39 GMT
Cache-Control: max-age=43200
Origin-Agent-Cluster: ?0
Vary: Accept-Encoding
Last-Modified: Tue, 12 Mar 2024 05:59:39 GMT
ETag: "65efef4b-ee8"
Accept-Ranges: bytes
Via: cache9.l2cn3171[0,0,200-0,H], cache21.l2cn3171[1,0], kunlun2.cn6489[0,0,304-0,H], kunlun10.cn6489[1,0]
Age: 8308692
Ali-Swift-Global-Savetime: 1728024939
X-Cache: HIT TCP_IMS_HIT dirn:10:268953939
X-Swift-SaveTime: Fri, 01 Nov 2024 09:03:16 GMT
X-Swift-CacheTime: 13125143
Access-Control-Allow-Origin: *
Access-Control-Allow-Methods: POST,GET,HEAD,PUT,DELETE
Access-Control-Max-Age: 3600
Timing-Allow-Origin: *
EagleId: 3d30538f17363336313551763e




=== 2025-01-08 18:53:54 ===
--- HTTP Response ---
From: 61.48.83.230:80
Status: 304

Response Headers:
HTTP/1.1 304 Not Modified
Server: Tengine
Connection: keep-alive
Date: Thu, 03 Oct 2024 06:22:52 GMT
Expires: Thu, 03 Oct 2024 18:22:48 GMT
Cache-Control: max-age=43200
Origin-Agent-Cluster: ?0
Last-Modified: Tue, 12 Mar 2024 05:59:39 GMT
ETag: "65efef4b-89b"
Accept-Ranges: bytes
Via: cache44.l2cn3171[0,0,200-0,H], cache36.l2cn3171[1,0], kunlun8.cn6489[0,0,304-0,H], kunlun10.cn6489[0,0]
Age: 8397066
Ali-Swift-Global-Savetime: 1727936568
X-Cache: HIT TCP_IMS_HIT dirn:-2:-2
X-Swift-SaveTime: Fri, 01 Nov 2024 08:58:52 GMT
X-Swift-CacheTime: 13037036
Access-Control-Allow-Origin: *
Access-Control-Allow-Methods: POST,GET,HEAD,PUT,DELETE
Access-Control-Max-Age: 3600
Timing-Allow-Origin: *
EagleId: 3d30538f17363336342915138e



