
--- Response ---
Status Code: 304
Content-Type: Unknown

Response Headers:
HTTP/1.1 304 Not Modified
Server: Tengine
Connection: keep-alive
Date: Thu, 07 Nov 2024 03:12:17 GMT
Expires: Thu, 07 Nov 2024 15:12:12 GMT
Cache-Control: max-age=43200
Accept-Ranges: bytes
Origin-Agent-Cluster: ?0
Via: cache19.l2cn3130[0,0,304-0,H], cache32.l2cn3130[1,0], kunlun7.cn7379[0,0,304-0,H], kunlun3.cn7379[1,0]
Vary: Accept-Encoding
Last-Modified: Tue, 12 Mar 2024 05:59:38 GMT
ETag: "65efef4a-9b81"
Age: 5531167
Ali-Swift-Global-Savetime: 1730949132
X-Cache: HIT TCP_IMS_HIT dirn:-2:-2
X-Swift-SaveTime: Sun, 10 Nov 2024 05:29:12 GMT
X-Swift-CacheTime: 15284580
Access-Control-Allow-Origin: *
Access-Control-Allow-Methods: POST,GET,HEAD,PUT,DELETE
Access-Control-Max-Age: 3600
Timing-Allow-Origin: *
EagleId: 3cde741717364802993637909e



Connection ID: HTTP_1752489532_288871178_80_58824
=== End of Transaction ===


--- Response ---
Status Code: 304
Content-Type: Unknown

Response Headers:
HTTP/1.1 304 Not Modified
Server: Tengine
Connection: keep-alive
Date: Tue, 29 Oct 2024 05:02:11 GMT
Expires: Tue, 29 Oct 2024 17:02:07 GMT
Cache-Control: max-age=43200
Accept-Ranges: bytes
Origin-Agent-Cluster: ?0
Via: cache17.l2cn3130[0,0,304-0,H], cache48.l2cn3130[1,0], kunlun10.cn7379[0,0,304-0,H], kunlun3.cn7379[1,0]
Last-Modified: Tue, 12 Mar 2024 05:59:35 GMT
ETag: "65efef47-57f"
Age: 6302172
Ali-Swift-Global-Savetime: 1730178127
X-Cache: HIT TCP_IMS_HIT dirn:-2:-2
X-Swift-SaveTime: Sat, 30 Nov 2024 07:36:58 GMT
X-Swift-CacheTime: 12777909
Access-Control-Allow-Origin: *
Access-Control-Allow-Methods: POST,GET,HEAD,PUT,DELETE
Access-Control-Max-Age: 3600
Timing-Allow-Origin: *
EagleId: 3cde741717364802993897967e



Connection ID: HTTP_1752489532_288871178_80_58824
=== End of Transaction ===


--- Response ---
Status Code: 304
Content-Type: Unknown

Response Headers:
HTTP/1.1 304 Not Modified
Server: Tengine
Connection: keep-alive
Date: Wed, 14 Aug 2024 08:10:45 GMT
Expires: Wed, 14 Aug 2024 20:10:28 GMT
Cache-Control: max-age=43200
Accept-Ranges: bytes
Origin-Agent-Cluster: ?0
Via: cache34.l2cn3130[0,0,304-0,H], cache38.l2cn3130[1,0], kunlun6.cn7379[0,0,304-0,H], kunlun3.cn7379[1,0]
Last-Modified: Tue, 12 Mar 2024 05:59:37 GMT
ETag: "65efef49-2640"
Age: 12857257
Ali-Swift-Global-Savetime: 1723623042
X-Cache: HIT TCP_IMS_HIT dirn:-2:-2
X-Swift-SaveTime: Sun, 15 Sep 2024 00:19:43 GMT
X-Swift-CacheTime: 12815459
Access-Control-Allow-Origin: *
Access-Control-Allow-Methods: POST,GET,HEAD,PUT,DELETE
Access-Control-Max-Age: 3600
Timing-Allow-Origin: *
EagleId: 3cde741717364802995398294e



Connection ID: HTTP_1752489532_288871178_80_58824
=== End of Transaction ===


--- Response ---
Status Code: 200
Content-Type: Unknown

Response Headers:
HTTP/1.1 200 OK
Server: Tengine
Content-Type: image/jpeg
Content-Length: 338
Connection: keep-alive
Date: Mon, 29 Jul 2024 04:26:21 GMT
Last-Modified: Tue, 12 Mar 2024 05:59:20 GMT
ETag: "65efef38-152"
Expires: Mon, 29 Jul 2024 16:26:06 GMT
Cache-Control: max-age=43200
Accept-Ranges: bytes
Origin-Agent-Cluster: ?0
Via: cache38.l2cn3130[68,68,200-0,M], cache48.l2cn3130[69,0], kunlun6.cn7379[0,0,200-0,H], kunlun3.cn7379[1,0]
Age: 14253120
Ali-Swift-Global-Savetime: 1722227180
X-Cache: HIT TCP_MEM_HIT dirn:-2:-2
X-Swift-SaveTime: Mon, 29 Jul 2024 04:26:20 GMT
X-Swift-CacheTime: 15552000
Access-Control-Allow-Origin: *
Access-Control-Allow-Methods: POST,GET,HEAD,PUT,DELETE
Access-Control-Max-Age: 3600
Timing-Allow-Origin: *
EagleId: 3cde741717364803003882224e

د؈

Connection ID: HTTP_1752489532_288871178_80_58824
=== End of Transaction ===


--- Response ---
Status Code: 304
Content-Type: Unknown

Response Headers:
HTTP/1.1 304 Not Modified
Server: Tengine
Connection: keep-alive
Date: Sat, 24 Aug 2024 01:21:12 GMT
Expires: Sat, 24 Aug 2024 13:20:54 GMT
Cache-Control: max-age=43200
Accept-Ranges: bytes
Origin-Agent-Cluster: ?0
Via: cache69.l2cn3130[0,0,304-0,H], cache9.l2cn3130[0,0], kunlun5.cn7379[0,0,304-0,H], kunlun3.cn7379[1,0]
Last-Modified: Tue, 12 Mar 2024 05:59:39 GMT
ETag: "65efef4b-650"
Age: 12017836
Ali-Swift-Global-Savetime: 1724462469
X-Cache: HIT TCP_IMS_HIT dirn:-2:-2
X-Swift-SaveTime: Thu, 12 Sep 2024 03:13:30 GMT
X-Swift-CacheTime: 13903659
Access-Control-Allow-Origin: *
Access-Control-Allow-Methods: POST,GET,HEAD,PUT,DELETE
Access-Control-Max-Age: 3600
Timing-Allow-Origin: *
EagleId: 3cde741717364803055132574e



Connection ID: HTTP_1752489532_288871178_80_58824
=== End of Transaction ===

