
=== HTTP Transaction at Fri Jan 10 11:32:30 2025
Source IP: 10.211.55.17
Source Port: 45782
Destination IP: 140.210.65.88
Destination Port: 80

--- Request ---
Method: GET
URI: /
Host: Unknown

Request Headers:
GET / HTTP/1.1
Host: shtongxi.b2b.huangye88.com
User-Agent: Mozilla/5.0 (X11; Linux aarch64; rv:109.0) Gecko/20100101 Firefox/115.0
Accept: text/html,application/xhtml+xml,application/xml;q=0.9,image/avif,image/webp,*/*;q=0.8
Accept-Language: en-US,en;q=0.5
Accept-Encoding: gzip, deflate
Connection: keep-alive
Cookie: Hm_lvt_c8184fd80a083199b0e82cc431ab6740=1736153268,1736168982,1736234063,1736333633; accessedcompanysfromse=2801786
Upgrade-Insecure-Requests: 1



=== HTTP Transaction at Fri Jan 10 11:32:40 2025
Source IP: 10.211.55.17
Source Port: 45782
Destination IP: 140.210.65.88
Destination Port: 80

--- Request ---
Method: GET
URI: /favicon.ico
Host: Unknown

Request Headers:
GET /favicon.ico HTTP/1.1
Host: shtongxi.b2b.huangye88.com
User-Agent: Mozilla/5.0 (X11; Linux aarch64; rv:109.0) Gecko/20100101 Firefox/115.0
Accept: image/avif,image/webp,*/*
Accept-Language: en-US,en;q=0.5
Accept-Encoding: gzip, deflate
Connection: keep-alive
Referer: http://shtongxi.b2b.huangye88.com/
Cookie: Hm_lvt_c8184fd80a083199b0e82cc431ab6740=1736153268,1736168982,1736234063,1736333633; accessedcompanysfromse=2801786; PHPSESSID=17364803004773-6f817042288c95e4405d8f5d4eb09ded211316d0; hy88accesscompany=1; ACCESS_BLOCKER_DDOS=5fae78a3c2cac194251b55d5957ab2d7


