
=== HTTP Transaction at Fri Jan 10 11:32:37 2025
Source IP: 10.211.55.17
Source Port: 35000
Destination IP: 117.21.178.69
Destination Port: 80

--- Request ---
Method: GET
URI: /live/user/1736785/1536565404018945000-1.jpg@1e_1c_220w_220h_90Q
Host: Unknown

Request Headers:
GET /live/user/1736785/1536565404018945000-1.jpg@1e_1c_220w_220h_90Q HTTP/1.1
Host: oss.huangye88.net
User-Agent: Mozilla/5.0 (X11; Linux aarch64; rv:109.0) Gecko/20100101 Firefox/115.0
Accept: image/avif,image/webp,*/*
Accept-Language: en-US,en;q=0.5
Accept-Encoding: gzip, deflate
Connection: keep-alive
Referer: http://shtongxi.b2b.huangye88.com/
If-Modified-Since: Mon, 29 Jan 2024 08:52:31 GMT
If-None-Match: "65b7674f-47a6"



=== HTTP Transaction at Fri Jan 10 11:32:37 2025
Source IP: 10.211.55.17
Source Port: 35000
Destination IP: 117.21.178.69
Destination Port: 80

--- Request ---
Method: GET
URI: /live/user/1736785/1516445757023141800-5.jpg
Host: Unknown

Request Headers:
GET /live/user/1736785/1516445757023141800-5.jpg HTTP/1.1
Host: oss.huangye88.net
User-Agent: Mozilla/5.0 (X11; Linux aarch64; rv:109.0) Gecko/20100101 Firefox/115.0
Accept: image/avif,image/webp,*/*
Accept-Language: en-US,en;q=0.5
Accept-Encoding: gzip, deflate
Connection: keep-alive
Referer: http://shtongxi.b2b.huangye88.com/
If-Modified-Since: Mon, 24 May 2021 06:03:58 GMT
If-None-Match: "60ab41ce-14ec5"



=== HTTP Transaction at Fri Jan 10 11:32:37 2025
Source IP: 10.211.55.17
Source Port: 35000
Destination IP: 117.21.178.69
Destination Port: 80

--- Request ---
Method: GET
URI: /live/user/1736785/1517753269088402400-5.jpg@1e_1c_220w_220h_90Q
Host: Unknown

Request Headers:
GET /live/user/1736785/1517753269088402400-5.jpg@1e_1c_220w_220h_90Q HTTP/1.1
Host: oss.huangye88.net
User-Agent: Mozilla/5.0 (X11; Linux aarch64; rv:109.0) Gecko/20100101 Firefox/115.0
Accept: image/avif,image/webp,*/*
Accept-Language: en-US,en;q=0.5
Accept-Encoding: gzip, deflate
Connection: keep-alive
Referer: http://shtongxi.b2b.huangye88.com/


