
=== HTTP Transaction at Fri Jan 10 11:32:36 2025
Source IP: 10.211.55.17
Source Port: 58810
Destination IP: 60.222.116.104
Destination Port: 80

--- Request ---
Method: GET
URI: /js/sharecode/sharecode.js?v=20230313
Host: Unknown

Request Headers:
GET /js/sharecode/sharecode.js?v=20230313 HTTP/1.1
Host: static.huangye88.cn
User-Agent: Mozilla/5.0 (X11; Linux aarch64; rv:109.0) Gecko/20100101 Firefox/115.0
Accept: */*
Accept-Language: en-US,en;q=0.5
Accept-Encoding: gzip, deflate
Connection: keep-alive
Referer: http://shtongxi.b2b.huangye88.com/
If-Modified-Since: Tue, 12 Mar 2024 05:59:37 GMT
If-None-Match: W/"65efef49-14f8"



=== HTTP Transaction at Fri Jan 10 11:32:37 2025
Source IP: 10.211.55.17
Source Port: 58810
Destination IP: 60.222.116.104
Destination Port: 80

--- Request ---
Method: GET
URI: /images/item/d_share_icon.png
Host: Unknown

Request Headers:
GET /images/item/d_share_icon.png HTTP/1.1
Host: static.huangye88.cn
User-Agent: Mozilla/5.0 (X11; Linux aarch64; rv:109.0) Gecko/20100101 Firefox/115.0
Accept: image/avif,image/webp,*/*
Accept-Language: en-US,en;q=0.5
Accept-Encoding: gzip, deflate
Connection: keep-alive
Referer: http://shtongxi.b2b.huangye88.com/
If-Modified-Since: Tue, 12 Mar 2024 05:59:30 GMT
If-None-Match: "65efef42-56e"



=== HTTP Transaction at Fri Jan 10 11:32:37 2025
Source IP: 10.211.55.17
Source Port: 58810
Destination IP: 60.222.116.104
Destination Port: 80

--- Request ---
Method: GET
URI: /js/sharecode/img/qq.png
Host: Unknown

Request Headers:
GET /js/sharecode/img/qq.png HTTP/1.1
Host: static.huangye88.cn
User-Agent: Mozilla/5.0 (X11; Linux aarch64; rv:109.0) Gecko/20100101 Firefox/115.0
Accept: image/avif,image/webp,*/*
Accept-Language: en-US,en;q=0.5
Accept-Encoding: gzip, deflate
Connection: keep-alive
Referer: http://shtongxi.b2b.huangye88.com/
If-Modified-Since: Tue, 12 Mar 2024 05:59:37 GMT
If-None-Match: "65efef49-1fac"



=== HTTP Transaction at Fri Jan 10 11:32:37 2025
Source IP: 10.211.55.17
Source Port: 58810
Destination IP: 60.222.116.104
Destination Port: 80

--- Request ---
Method: GET
URI: /images/qiye/0/fatxt.png?v=2020
Host: Unknown

Request Headers:
GET /images/qiye/0/fatxt.png?v=2020 HTTP/1.1
Host: static.huangye88.cn
User-Agent: Mozilla/5.0 (X11; Linux aarch64; rv:109.0) Gecko/20100101 Firefox/115.0
Accept: image/avif,image/webp,*/*
Accept-Language: en-US,en;q=0.5
Accept-Encoding: gzip, deflate
Connection: keep-alive
Referer: http://static.huangye88.cn/images/qiye/0/css.css?v=202309
If-Modified-Since: Tue, 12 Mar 2024 05:59:20 GMT
If-None-Match: "65efef38-4e0"


