
--- Response ---
Status Code: 200
Content-Type: Unknown

Response Headers:
HTTP/1.1 200 OK
Server: nginx
Date: Fri, 10 Jan 2025 03:38:12 GMT
Content-Type: text/html; charset=UTF-8
Transfer-Encoding: chunked
Connection: keep-alive
Vary: Accept-Encoding
X-Powered-By: PHP/8.1.20
Pragma: public
Cache-control: max-age=259200
Access-Control-Allow-Origin: *
Origin-Agent-Cluster: ?0
Content-Encoding: gzip

35e6
‹

Connection ID: HTTP_1480708748_288871178_80_45782
=== End of Transaction ===

