
--- Response ---
Status Code: 200
Content-Type: Unknown

Response Headers:
HTTP/1.1 200 OK
Server: nginx
Date: Fri, 10 Jan 2025 03:38:31 GMT
Content-Type: text/html; charset=UTF-8
Transfer-Encoding: chunked
Connection: keep-alive
Vary: Accept-Encoding
X-Powered-By: PHP/8.1.20
Expires: Thu, 19 Nov 1981 08:52:00 GMT
Pragma: no-cache
Cache-control: private
Access-Control-Allow-Origin: *
Origin-Agent-Cluster: ?0
Content-Encoding: gzip

d06
‹

Connection ID: HTTP_1111609996_288871178_80_41130
=== End of Transaction ===


--- Response ---
Status Code: 200
Content-Type: Unknown

Response Headers:
HTTP/1.1 200 OK
Server: nginx
Date: Fri, 10 Jan 2025 03:38:31 GMT
Content-Type: image/jpeg
Transfer-Encoding: chunked
Connection: keep-alive
X-Powered-By: PHP/8.1.20
Pragma: no-cache
Cache-Control: no-cache
Expires: 0
Access-Control-Allow-Origin: *
Origin-Agent-Cluster: ?0

7f6
ÿØÿà

Connection ID: HTTP_1111609996_288871178_80_41130
=== End of Transaction ===

