
=== 2025-01-08 18:53:51 ===
--- HTTP Request ---
From: 10.211.55.17:33948
Method: GET
URI: /js/sharecode/img/tieba.png

Request Headers:
GET /js/sharecode/img/tieba.png HTTP/1.1
Host: static.huangye88.cn
User-Agent: Mozilla/5.0 (X11; Linux aarch64; rv:109.0) Gecko/20100101 Firefox/115.0
Accept: image/avif,image/webp,*/*
Accept-Language: en-US,en;q=0.5
Accept-Encoding: gzip, deflate
Connection: keep-alive
Referer: http://shtongxi.b2b.huangye88.com/
If-Modified-Since: Tue, 12 Mar 2024 05:59:37 GMT
If-None-Match: "65efef49-64c9"




=== 2025-01-08 18:53:51 ===
--- HTTP Request ---
From: 10.211.55.17:33948
Method: GET
URI: /bd/api/js/view/view_base.js

Request Headers:
GET /bd/api/js/view/view_base.js HTTP/1.1
Host: static.huangye88.cn
User-Agent: Mozilla/5.0 (X11; Linux aarch64; rv:109.0) Gecko/20100101 Firefox/115.0
Accept: */*
Accept-Language: en-US,en;q=0.5
Accept-Encoding: gzip, deflate
Connection: keep-alive
Referer: http://shtongxi.b2b.huangye88.com/
If-Modified-Since: Tue, 12 Mar 2024 05:59:39 GMT
If-None-Match: W/"65efef4b-650"



