
--- Response ---
Status Code: 304
Content-Type: Unknown

Response Headers:
HTTP/1.1 304 Not Modified
Server: Tengine
Connection: keep-alive
Date: Sun, 17 Nov 2024 13:26:57 GMT
Expires: Mon, 18 Nov 2024 01:26:52 GMT
Cache-Control: max-age=43200
Accept-Ranges: bytes
Origin-Agent-Cluster: ?0
Via: cache10.l2cn3021[0,0,304-0,H], cache33.l2cn3021[1,0], kunlun3.cn7379[0,0,304-0,H], kunlun5.cn7379[3,0]
Vary: Accept-Encoding
Last-Modified: Thu, 23 May 2024 03:26:00 GMT
ETag: "664eb748-763b"
Age: 4630287
Ali-Swift-Global-Savetime: 1731850012
X-Cache: HIT TCP_IMS_HIT dirn:11:913194706
X-Swift-SaveTime: Tue, 26 Nov 2024 14:15:29 GMT
X-Swift-CacheTime: 14771483
Access-Control-Allow-Origin: *
Access-Control-Allow-Methods: POST,GET,HEAD,PUT,DELETE
Access-Control-Max-Age: 3600
Timing-Allow-Origin: *
EagleId: 3cde741917364802993907478e



Connection ID: HTTP_1752489532_288871178_80_58806
=== End of Transaction ===


--- Response ---
Status Code: 304
Content-Type: Unknown

Response Headers:
HTTP/1.1 304 Not Modified
Server: Tengine
Connection: keep-alive
Date: Tue, 20 Aug 2024 00:25:14 GMT
Last-Modified: Tue, 12 Mar 2024 05:59:20 GMT
ETag: "65efef38-f88"
Expires: Tue, 20 Aug 2024 12:24:56 GMT
Cache-Control: max-age=43200
Accept-Ranges: bytes
Origin-Agent-Cluster: ?0
Via: cache37.l2cn2652[39,38,200-0,M], cache21.l2cn2652[40,0], kunlun5.cn7379[0,0,304-0,H], kunlun5.cn7379[1,0]
Age: 12366787
Ali-Swift-Global-Savetime: 1724113512
X-Cache: HIT TCP_IMS_HIT dirn:-2:-2
X-Swift-SaveTime: Tue, 20 Aug 2024 00:25:12 GMT
X-Swift-CacheTime: 15552000
Access-Control-Allow-Origin: *
Access-Control-Allow-Methods: POST,GET,HEAD,PUT,DELETE
Access-Control-Max-Age: 3600
Timing-Allow-Origin: *
EagleId: 3cde741917364802994187525e



Connection ID: HTTP_1752489532_288871178_80_58806
=== End of Transaction ===


--- Response ---
Status Code: 304
Content-Type: Unknown

Response Headers:
HTTP/1.1 304 Not Modified
Server: Tengine
Connection: keep-alive
Date: Sat, 12 Oct 2024 07:34:25 GMT
Expires: Sat, 12 Oct 2024 19:34:21 GMT
Cache-Control: max-age=43200
Origin-Agent-Cluster: ?0
Accept-Ranges: bytes
Via: cache14.l2cn2656[0,0,304-0,H], cache38.l2cn2656[1,0], kunlun7.cn7379[0,0,304-0,H], kunlun5.cn7379[4,0]
Last-Modified: Tue, 12 Mar 2024 05:59:37 GMT
ETag: "65efef49-27e3"
Age: 7761838
Ali-Swift-Global-Savetime: 1728718461
X-Cache: HIT TCP_IMS_HIT dirn:-2:-2
X-Swift-SaveTime: Sat, 07 Dec 2024 01:28:57 GMT
X-Swift-CacheTime: 10735524
Access-Control-Allow-Origin: *
Access-Control-Allow-Methods: POST,GET,HEAD,PUT,DELETE
Access-Control-Max-Age: 3600
Timing-Allow-Origin: *
EagleId: 3cde741917364802995577822e



Connection ID: HTTP_1752489532_288871178_80_58806
=== End of Transaction ===


--- Response ---
Status Code: 304
Content-Type: Unknown

Response Headers:
HTTP/1.1 304 Not Modified
Server: Tengine
Connection: keep-alive
Date: Mon, 04 Nov 2024 03:24:17 GMT
Expires: Mon, 04 Nov 2024 15:24:12 GMT
Cache-Control: max-age=43200
Origin-Agent-Cluster: ?0
Accept-Ranges: bytes
Via: cache33.l2cn2656[0,0,304-0,H], cache6.l2cn2656[1,0], kunlun2.cn7379[0,0,304-0,H], kunlun5.cn7379[2,0]
Last-Modified: Tue, 12 Mar 2024 05:59:20 GMT
ETag: "65efef38-41dc"
Age: 5789647
Ali-Swift-Global-Savetime: 1730690652
X-Cache: HIT TCP_IMS_HIT dirn:-2:-2
X-Swift-SaveTime: Sun, 29 Dec 2024 01:22:48 GMT
X-Swift-CacheTime: 10807284
Access-Control-Allow-Origin: *
Access-Control-Allow-Methods: POST,GET,HEAD,PUT,DELETE
Access-Control-Max-Age: 3600
Timing-Allow-Origin: *
EagleId: 3cde741917364802996167965e



Connection ID: HTTP_1752489532_288871178_80_58806
=== End of Transaction ===

