
=== HTTP Transaction at Fri Jan 10 11:32:28 2025
Source IP: 10.211.55.17
Source Port: 49136
Destination IP: 34.107.221.82
Destination Port: 80

--- Request ---
Method: GET
URI: /success.txt?ipv4
Host: Unknown

Request Headers:
GET /success.txt?ipv4 HTTP/1.1
Host: detectportal.firefox.com
User-Agent: Mozilla/5.0 (X11; Linux aarch64; rv:109.0) Gecko/20100101 Firefox/115.0
Accept: */*
Accept-Language: en-US,en;q=0.5
Accept-Encoding: gzip, deflate
Connection: keep-alive
Pragma: no-cache
Cache-Control: no-cache



=== HTTP Transaction at Fri Jan 10 11:33:23 2025
Source IP: 10.211.55.17
Source Port: 49136
Destination IP: 34.107.221.82
Destination Port: 80

--- Request ---
Method: GET
URI: /success.txt?ipv4
Host: Unknown

Request Headers:
GET /success.txt?ipv4 HTTP/1.1
Host: detectportal.firefox.com
User-Agent: Mozilla/5.0 (X11; Linux aarch64; rv:109.0) Gecko/20100101 Firefox/115.0
Accept: */*
Accept-Language: en-US,en;q=0.5
Accept-Encoding: gzip, deflate
Connection: keep-alive
Pragma: no-cache
Cache-Control: no-cache


