
=== 2025-01-08 18:53:51 ===
--- HTTP Request ---
From: 10.211.55.17:35440
Method: GET
URI: /s.gif?l=http://shtongxi.b2b.huangye88.com/company_detail.html

Request Headers:
GET /s.gif?l=http://shtongxi.b2b.huangye88.com/company_detail.html HTTP/1.1
Host: api.share.baidu.com
User-Agent: Mozilla/5.0 (X11; Linux aarch64; rv:109.0) Gecko/20100101 Firefox/115.0
Accept: image/avif,image/webp,*/*
Accept-Language: en-US,en;q=0.5
Accept-Encoding: gzip, deflate
Connection: keep-alive
Referer: http://shtongxi.b2b.huangye88.com/




=== 2025-01-08 18:53:54 ===
--- HTTP Request ---
From: 10.211.55.17:35440
Method: GET
URI: /v.gif?l=http%3A%2F%2Fshtongxi.b2b.huangye88.com%2Fcompany_detail.html

Request Headers:
GET /v.gif?l=http%3A%2F%2Fshtongxi.b2b.huangye88.com%2Fcompany_detail.html HTTP/1.1
Host: api.share.baidu.com
User-Agent: Mozilla/5.0 (X11; Linux aarch64; rv:109.0) Gecko/20100101 Firefox/115.0
Accept: image/avif,image/webp,*/*
Accept-Language: en-US,en;q=0.5
Accept-Encoding: gzip, deflate
Connection: keep-alive
Referer: http://shtongxi.b2b.huangye88.com/



