
=== 2025-01-08 18:53:51 ===
--- HTTP Response ---
From: 61.48.83.230:80
Status: 304

Response Headers:
HTTP/1.1 304 Not Modified
Server: Tengine
Connection: keep-alive
Date: Sun, 29 Sep 2024 00:59:15 GMT
Expires: Sun, 29 Sep 2024 12:59:12 GMT
Cache-Control: max-age=43200
Origin-Agent-Cluster: ?0
Last-Modified: Tue, 12 Mar 2024 05:59:37 GMT
ETag: "65efef49-64c9"
Accept-Ranges: bytes
Via: cache38.l2cn3171[0,0,200-0,H], cache34.l2cn3171[1,0], kunlun9.cn6489[0,0,304-0,H], kunlun5.cn6489[1,0]
Age: 8762078
Ali-Swift-Global-Savetime: 1727571552
X-Cache: HIT TCP_IMS_HIT dirn:-2:-2
X-Swift-SaveTime: Fri, 01 Nov 2024 08:58:44 GMT
X-Swift-CacheTime: 12672028
Access-Control-Allow-Origin: *
Access-Control-Allow-Methods: POST,GET,HEAD,PUT,DELETE
Access-Control-Max-Age: 3600
Timing-Allow-Origin: *
EagleId: 3d30538a17363336307616739e




=== 2025-01-08 18:53:51 ===
--- HTTP Response ---
From: 61.48.83.230:80
Status: 304

Response Headers:
HTTP/1.1 304 Not Modified
Server: Tengine
Connection: keep-alive
Date: Tue, 05 Nov 2024 19:54:27 GMT
Last-Modified: Tue, 12 Mar 2024 05:59:39 GMT
ETag: "65efef4b-650"
Expires: Wed, 06 Nov 2024 07:54:22 GMT
Cache-Control: max-age=43200
Accept-Ranges: bytes
Origin-Agent-Cluster: ?0
Via: cache31.l2cn7484[37,38,200-0,M], cache11.l2cn7484[39,0], kunlun6.cn6489[0,0,304-0,H], kunlun5.cn6489[1,0]
Age: 5497169
Ali-Swift-Global-Savetime: 1730836462
X-Cache: HIT TCP_IMS_HIT dirn:-2:-2
X-Swift-SaveTime: Tue, 05 Nov 2024 19:54:22 GMT
X-Swift-CacheTime: 15552000
Access-Control-Allow-Origin: *
Access-Control-Allow-Methods: POST,GET,HEAD,PUT,DELETE
Access-Control-Max-Age: 3600
Timing-Allow-Origin: *
EagleId: 3d30538a17363336312837508e



