
=== 2025-01-08 18:53:44 ===
--- HTTP Response ---
From: 152.195.38.76:80
Status: 200

Response Headers:
HTTP/1.1 200 OK
Accept-Ranges: bytes
Age: 4344
Cache-Control: max-age=7200
Content-Type: application/ocsp-response
Date: Wed, 08 Jan 2025 10:53:44 GMT
Last-Modified: Wed, 08 Jan 2025 09:41:20 GMT
Server: ECAcc (hkc/BD65)
X-Cache: HIT
Content-Length: 471

0‚Ó



=== 2025-01-08 18:54:13 ===
--- HTTP Response ---
From: 152.195.38.76:80
Status: 200

Response Headers:
HTTP/1.1 200 OK
Accept-Ranges: bytes
Age: 4084
Cache-Control: max-age=7200
Content-Type: application/ocsp-response
Date: Wed, 08 Jan 2025 10:54:12 GMT
Last-Modified: Wed, 08 Jan 2025 09:46:08 GMT
Server: ECAcc (hkc/BD65)
X-Cache: HIT
Content-Length: 471

0‚Ó


