
--- Response ---
Status Code: 304
Content-Type: Unknown

Response Headers:
HTTP/1.1 304 Not Modified
Server: nginx/1.18.0
Date: Fri, 10 Jan 2025 03:38:19 GMT
Last-Modified: Sat, 25 Nov 2023 16:21:13 GMT
Connection: keep-alive
ETag: "65621ef9-1ddf"
Expires: Sat, 11 Jan 2025 03:38:19 GMT
Cache-Control: max-age=86400
Content-Type: image/jpeg



Connection ID: HTTP_1169298805_288871178_80_34990
=== End of Transaction ===


--- Response ---
Status Code: 304
Content-Type: Unknown

Response Headers:
HTTP/1.1 304 Not Modified
Server: nginx/1.18.0
Date: Fri, 10 Jan 2025 03:38:19 GMT
Last-Modified: Sun, 03 Dec 2023 18:57:24 GMT
Connection: keep-alive
ETag: "656ccf94-2f87"
Expires: Sat, 11 Jan 2025 03:38:19 GMT
Cache-Control: max-age=86400
Content-Type: image/jpeg



Connection ID: HTTP_1169298805_288871178_80_34990
=== End of Transaction ===


--- Response ---
Status Code: 304
Content-Type: Unknown

Response Headers:
HTTP/1.1 304 Not Modified
Server: nginx/1.18.0
Date: Fri, 10 Jan 2025 03:38:19 GMT
Last-Modified: Tue, 26 Nov 2024 19:40:52 GMT
Connection: keep-alive
ETag: "67462444-3dd6"
Expires: Sat, 11 Jan 2025 03:38:19 GMT
Cache-Control: max-age=86400
Content-Type: image/jpeg



Connection ID: HTTP_1169298805_288871178_80_34990
=== End of Transaction ===


--- Response ---
Status Code: 304
Content-Type: Unknown

Response Headers:
HTTP/1.1 304 Not Modified
Server: nginx/1.18.0
Date: Fri, 10 Jan 2025 03:38:20 GMT
Last-Modified: Tue, 24 Oct 2023 09:59:24 GMT
Connection: keep-alive
ETag: "6537957c-43f6"
Expires: Sat, 11 Jan 2025 03:38:20 GMT
Cache-Control: max-age=86400
Content-Type: image/jpeg



Connection ID: HTTP_1169298805_288871178_80_34990
=== End of Transaction ===

