
--- Response ---
Status Code: 200
Content-Type: Unknown

Response Headers:
HTTP/1.1 200 OK
Server: nginx
Content-Length: 90
Via: 1.1 google
Date: Thu, 09 Jan 2025 07:40:40 GMT
Age: 71847
Content-Type: text/html
Cache-Control: public,must-revalidate,max-age=0,s-maxage=3600

<meta http-equiv="refresh" content="0;url=https://support.mozilla.org/kb/captive-portal"/>

Connection ID: HTTP_1390242594_288871178_80_40704
=== End of Transaction ===


--- Response ---
Status Code: 200
Content-Type: Unknown

Response Headers:
HTTP/1.1 200 OK
Server: nginx
Content-Length: 90
Via: 1.1 google
Date: Thu, 09 Jan 2025 07:40:40 GMT
Age: 71902
Content-Type: text/html
Cache-Control: public,must-revalidate,max-age=0,s-maxage=3600

<meta http-equiv="refresh" content="0;url=https://support.mozilla.org/kb/captive-portal"/>

Connection ID: HTTP_1390242594_288871178_80_40704
=== End of Transaction ===

