
=== HTTP Transaction at Fri Jan 10 11:32:43 2025
Source IP: 10.211.55.17
Source Port: 53370
Destination IP: 163.177.17.97
Destination Port: 80

--- Request ---
Method: GET
URI: /s.gif?l=http://shtongxi.b2b.huangye88.com/
Host: Unknown

Request Headers:
GET /s.gif?l=http://shtongxi.b2b.huangye88.com/ HTTP/1.1
Host: api.share.baidu.com
User-Agent: Mozilla/5.0 (X11; Linux aarch64; rv:109.0) Gecko/20100101 Firefox/115.0
Accept: image/avif,image/webp,*/*
Accept-Language: en-US,en;q=0.5
Accept-Encoding: gzip, deflate
Connection: keep-alive
Referer: http://shtongxi.b2b.huangye88.com/



=== HTTP Transaction at Fri Jan 10 11:32:46 2025
Source IP: 10.211.55.17
Source Port: 53370
Destination IP: 163.177.17.97
Destination Port: 80

--- Request ---
Method: GET
URI: /v.gif?l=http%3A%2F%2Fshtongxi.b2b.huangye88.com%2F
Host: Unknown

Request Headers:
GET /v.gif?l=http%3A%2F%2Fshtongxi.b2b.huangye88.com%2F HTTP/1.1
Host: api.share.baidu.com
User-Agent: Mozilla/5.0 (X11; Linux aarch64; rv:109.0) Gecko/20100101 Firefox/115.0
Accept: image/avif,image/webp,*/*
Accept-Language: en-US,en;q=0.5
Accept-Encoding: gzip, deflate
Connection: keep-alive
Referer: http://shtongxi.b2b.huangye88.com/


