
--- Response ---
Status Code: 304
Content-Type: Unknown

Response Headers:
HTTP/1.1 304 Not Modified
Server: nginx/1.18.0
Date: Fri, 10 Jan 2025 03:38:19 GMT
Last-Modified: Sat, 14 Dec 2024 15:43:13 GMT
Connection: keep-alive
ETag: "675da791-1c83"
Expires: Sat, 11 Jan 2025 03:38:19 GMT
Cache-Control: max-age=86400
Content-Type: image/jpeg



Connection ID: HTTP_1169298805_288871178_80_34960
=== End of Transaction ===


--- Response ---
Status Code: 304
Content-Type: Unknown

Response Headers:
HTTP/1.1 304 Not Modified
Server: nginx/1.18.0
Date: Fri, 10 Jan 2025 03:38:19 GMT
Last-Modified: Tue, 31 Oct 2023 08:58:14 GMT
Connection: keep-alive
ETag: "6540c1a6-3008"
Expires: Sat, 11 Jan 2025 03:38:19 GMT
Cache-Control: max-age=86400
Content-Type: image/jpeg



Connection ID: HTTP_1169298805_288871178_80_34960
=== End of Transaction ===


--- Response ---
Status Code: 200
Content-Type: Unknown

Response Headers:
HTTP/1.1 200 OK
Server: nginx/1.18.0
Date: Fri, 10 Jan 2025 03:38:19 GMT
Content-Type: application/octet-stream
Content-Length: 13981
Last-Modified: Sat, 14 Dec 2024 15:43:13 GMT
Connection: keep-alive
ETag: "675da791-369d"
Expires: Sat, 11 Jan 2025 03:38:19 GMT
Cache-Control: max-age=86400
Content-Type: image/jpeg
Accept-Ranges: bytes

د؈

Connection ID: HTTP_1169298805_288871178_80_34960
=== End of Transaction ===


--- Response ---
Status Code: 200
Content-Type: Unknown

Response Headers:
HTTP/1.1 200 OK
Server: nginx/1.18.0
Date: Fri, 10 Jan 2025 03:38:20 GMT
Content-Type: application/octet-stream
Content-Length: 16314
Last-Modified: Fri, 22 Dec 2023 02:07:46 GMT
Connection: keep-alive
ETag: "6584ef72-3fba"
Expires: Sat, 11 Jan 2025 03:38:20 GMT
Cache-Control: max-age=86400
Content-Type: image/jpeg
Accept-Ranges: bytes

د؈

Connection ID: HTTP_1169298805_288871178_80_34960
=== End of Transaction ===

