
--- Response ---
Status Code: 200
Content-Type: Unknown

Response Headers:
HTTP/1.1 200 OK
Server: nginx
Date: Fri, 10 Jan 2025 03:38:18 GMT
Content-Type: text/javascript; charset=utf-8
Transfer-Encoding: chunked
Connection: keep-alive
X-Powered-By: PHP/8.1.20
Set-Cookie: PHPSESSID=17364803004773-6f817042288c95e4405d8f5d4eb09ded211316d0; path=/; domain=.huangye88.com
Expires: Thu, 19 Nov 1981 08:52:00 GMT
Pragma: no-cache
Cache-control: private
Access-Control-Allow-Origin: *
Set-Cookie: hy88accesscompany=1; expires=Fri, 10-Jan-2025 15:59:59 GMT; Max-Age=44499; path=/; domain=huangye88.com
Set-Cookie: ACCESS_BLOCKER_DDOS=5fae78a3c2cac194251b55d5957ab2d7; path=/; domain=huangye88.com
Access-Control-Allow-Origin: *
Origin-Agent-Cluster: ?0

30c3
$(function(){$(".wxjt").trigger("click");});if(document.getElementById("loginstate2")) document.getElementById("loginstate2").innerHTML='<a href="https://my.huangye88.com/login.html?from=my" class="co_log">管理商铺入口</a>';window._bd_share_config={"common":{"bdSnsKey":{},"bdText":"","bdMini":"2","bdMinilist":false,"bdPic":"","bdStyle":"0","bdSize":"24"},"share":{}};with(document)0[(getElementsByTagName('head')[0]||body).appendChild(createElement('script')).src='//static.huangye88.cn/bd/api/js/share.js?v=89860593.js'];
var $divFloatToolsView = $('#divFloatToolsView'),$aFloatTools_Show = $('#aFloatTools_Show'),$aFloatTools_Hide = $('#aFloatTools_Hide');
$aFloatTools_Show.on('click', function() {
    $divFloatToolsView.animate({
        width: 'show'

Connection ID: HTTP_1480708748_288871178_80_41434
=== End of Transaction ===

