
=== HTTP Transaction at Fri Jan 10 11:32:36 2025
Source IP: 10.211.55.17
Source Port: 58824
Destination IP: 60.222.116.104
Destination Port: 80

--- Request ---
Method: GET
URI: /assets/video.js/video-js.min.css
Host: Unknown

Request Headers:
GET /assets/video.js/video-js.min.css HTTP/1.1
Host: static.huangye88.cn
User-Agent: Mozilla/5.0 (X11; Linux aarch64; rv:109.0) Gecko/20100101 Firefox/115.0
Accept: text/css,*/*;q=0.1
Accept-Language: en-US,en;q=0.5
Accept-Encoding: gzip, deflate
Connection: keep-alive
Referer: http://shtongxi.b2b.huangye88.com/
If-Modified-Since: Tue, 12 Mar 2024 05:59:38 GMT
If-None-Match: W/"65efef4a-9b81"



=== HTTP Transaction at Fri Jan 10 11:32:37 2025
Source IP: 10.211.55.17
Source Port: 58824
Destination IP: 60.222.116.104
Destination Port: 80

--- Request ---
Method: GET
URI: /images/beian.png
Host: Unknown

Request Headers:
GET /images/beian.png HTTP/1.1
Host: static.huangye88.cn
User-Agent: Mozilla/5.0 (X11; Linux aarch64; rv:109.0) Gecko/20100101 Firefox/115.0
Accept: image/avif,image/webp,*/*
Accept-Language: en-US,en;q=0.5
Accept-Encoding: gzip, deflate
Connection: keep-alive
Referer: http://shtongxi.b2b.huangye88.com/
If-Modified-Since: Tue, 12 Mar 2024 05:59:35 GMT
If-None-Match: "65efef47-57f"



=== HTTP Transaction at Fri Jan 10 11:32:37 2025
Source IP: 10.211.55.17
Source Port: 58824
Destination IP: 60.222.116.104
Destination Port: 80

--- Request ---
Method: GET
URI: /js/sharecode/img/weixin.png
Host: Unknown

Request Headers:
GET /js/sharecode/img/weixin.png HTTP/1.1
Host: static.huangye88.cn
User-Agent: Mozilla/5.0 (X11; Linux aarch64; rv:109.0) Gecko/20100101 Firefox/115.0
Accept: image/avif,image/webp,*/*
Accept-Language: en-US,en;q=0.5
Accept-Encoding: gzip, deflate
Connection: keep-alive
Referer: http://shtongxi.b2b.huangye88.com/
If-Modified-Since: Tue, 12 Mar 2024 05:59:37 GMT
If-None-Match: "65efef49-2640"



=== HTTP Transaction at Fri Jan 10 11:32:38 2025
Source IP: 10.211.55.17
Source Port: 58824
Destination IP: 60.222.116.104
Destination Port: 80

--- Request ---
Method: GET
URI: /images/qiye/0/iconbj.jpg
Host: Unknown

Request Headers:
GET /images/qiye/0/iconbj.jpg HTTP/1.1
Host: static.huangye88.cn
User-Agent: Mozilla/5.0 (X11; Linux aarch64; rv:109.0) Gecko/20100101 Firefox/115.0
Accept: image/avif,image/webp,*/*
Accept-Language: en-US,en;q=0.5
Accept-Encoding: gzip, deflate
Connection: keep-alive
Referer: http://static.huangye88.cn/images/qiye/0/css.css?v=202309



=== HTTP Transaction at Fri Jan 10 11:32:43 2025
Source IP: 10.211.55.17
Source Port: 58824
Destination IP: 60.222.116.104
Destination Port: 80

--- Request ---
Method: GET
URI: /bd/api/js/view/view_base.js
Host: Unknown

Request Headers:
GET /bd/api/js/view/view_base.js HTTP/1.1
Host: static.huangye88.cn
User-Agent: Mozilla/5.0 (X11; Linux aarch64; rv:109.0) Gecko/20100101 Firefox/115.0
Accept: */*
Accept-Language: en-US,en;q=0.5
Accept-Encoding: gzip, deflate
Connection: keep-alive
Referer: http://shtongxi.b2b.huangye88.com/
If-Modified-Since: Tue, 12 Mar 2024 05:59:39 GMT
If-None-Match: W/"65efef4b-650"


