
=== 2025-01-08 18:53:50 ===
--- HTTP Request ---
From: 10.211.55.17:33932
Method: GET
URI: /js/jquery.js

Request Headers:
GET /js/jquery.js HTTP/1.1
Host: static.huangye88.cn
User-Agent: Mozilla/5.0 (X11; Linux aarch64; rv:109.0) Gecko/20100101 Firefox/115.0
Accept: */*
Accept-Language: en-US,en;q=0.5
Accept-Encoding: gzip, deflate
Connection: keep-alive
Referer: http://shtongxi.b2b.huangye88.com/
If-Modified-Since: Tue, 12 Mar 2024 05:59:37 GMT
If-None-Match: W/"65efef49-16dc5"




=== 2025-01-08 18:53:50 ===
--- HTTP Request ---
From: 10.211.55.17:33932
Method: GET
URI: /images/qiye/0/fafa.png

Request Headers:
GET /images/qiye/0/fafa.png HTTP/1.1
Host: static.huangye88.cn
User-Agent: Mozilla/5.0 (X11; Linux aarch64; rv:109.0) Gecko/20100101 Firefox/115.0
Accept: image/avif,image/webp,*/*
Accept-Language: en-US,en;q=0.5
Accept-Encoding: gzip, deflate
Connection: keep-alive
Referer: http://shtongxi.b2b.huangye88.com/
If-Modified-Since: Tue, 12 Mar 2024 05:59:20 GMT
If-None-Match: "65efef38-f88"




=== 2025-01-08 18:53:51 ===
--- HTTP Request ---
From: 10.211.55.17:33932
Method: GET
URI: /js/sharecode/img/weixin.png

Request Headers:
GET /js/sharecode/img/weixin.png HTTP/1.1
Host: static.huangye88.cn
User-Agent: Mozilla/5.0 (X11; Linux aarch64; rv:109.0) Gecko/20100101 Firefox/115.0
Accept: image/avif,image/webp,*/*
Accept-Language: en-US,en;q=0.5
Accept-Encoding: gzip, deflate
Connection: keep-alive
Referer: http://shtongxi.b2b.huangye88.com/
If-Modified-Since: Tue, 12 Mar 2024 05:59:37 GMT
If-None-Match: "65efef49-2640"




=== 2025-01-08 18:53:51 ===
--- HTTP Request ---
From: 10.211.55.17:33932
Method: GET
URI: /images/qiye/0/iconbj.jpg

Request Headers:
GET /images/qiye/0/iconbj.jpg HTTP/1.1
Host: static.huangye88.cn
User-Agent: Mozilla/5.0 (X11; Linux aarch64; rv:109.0) Gecko/20100101 Firefox/115.0
Accept: image/avif,image/webp,*/*
Accept-Language: en-US,en;q=0.5
Accept-Encoding: gzip, deflate
Connection: keep-alive
Referer: http://static.huangye88.cn/images/qiye/0/css.css?v=202309
If-Modified-Since: Tue, 12 Mar 2024 05:59:20 GMT
If-None-Match: "65efef38-152"



