
--- Response ---
Status Code: 304
Content-Type: Unknown

Response Headers:
HTTP/1.1 304 Not Modified
Server: Tengine
Connection: keep-alive
Date: Tue, 31 Dec 2024 01:14:44 GMT
Expires: Tue, 31 Dec 2024 13:14:38 GMT
Cache-Control: max-age=43200
Accept-Ranges: bytes
Origin-Agent-Cluster: ?0
Via: cache42.l2cn2656[0,16,304-0,H], cache27.l2cn2656[18,0], kunlun6.cn7379[0,0,304-0,H], kunlun4.cn7379[1,0]
Last-Modified: Tue, 12 Mar 2024 05:59:38 GMT
ETag: "65efef4a-8cbc0"
Age: 872621
Ali-Swift-Global-Savetime: 1735607678
X-Cache: HIT TCP_IMS_HIT dirn:-2:-2
X-Swift-SaveTime: Wed, 08 Jan 2025 23:31:16 GMT
X-Swift-CacheTime: 14780602
Access-Control-Allow-Origin: *
Access-Control-Allow-Methods: POST,GET,HEAD,PUT,DELETE
Access-Control-Max-Age: 3600
Timing-Allow-Origin: *
EagleId: 3cde741817364802994554823e



Connection ID: HTTP_1752489532_288871178_80_58826
=== End of Transaction ===


--- Response ---
Status Code: 304
Content-Type: Unknown

Response Headers:
HTTP/1.1 304 Not Modified
Server: Tengine
Connection: keep-alive
Date: Mon, 02 Sep 2024 23:27:22 GMT
Expires: Tue, 03 Sep 2024 11:27:03 GMT
Cache-Control: max-age=43200
Accept-Ranges: bytes
Origin-Agent-Cluster: ?0
Via: cache36.l2cn7484[0,13,304-0,H], cache34.l2cn7484[15,0], kunlun7.cn7379[0,0,304-0,H], kunlun4.cn7379[1,0]
Last-Modified: Tue, 12 Mar 2024 05:59:20 GMT
ETag: "65efef38-79dd"
Age: 11160660
Ali-Swift-Global-Savetime: 1725319639
X-Cache: HIT TCP_IMS_HIT dirn:-2:-2
X-Swift-SaveTime: Sun, 13 Oct 2024 17:58:34 GMT
X-Swift-CacheTime: 12029325
Access-Control-Allow-Origin: *
Access-Control-Allow-Methods: POST,GET,HEAD,PUT,DELETE
Access-Control-Max-Age: 3600
Timing-Allow-Origin: *
EagleId: 3cde741817364802994814872e



Connection ID: HTTP_1752489532_288871178_80_58826
=== End of Transaction ===


--- Response ---
Status Code: 304
Content-Type: Unknown

Response Headers:
HTTP/1.1 304 Not Modified
Server: Tengine
Connection: keep-alive
Date: Sat, 17 Aug 2024 03:23:58 GMT
Last-Modified: Tue, 12 Mar 2024 05:59:37 GMT
ETag: "65efef49-292f"
Expires: Sat, 17 Aug 2024 15:23:41 GMT
Cache-Control: max-age=43200
Accept-Ranges: bytes
Origin-Agent-Cluster: ?0
Via: cache42.l2cn2652[0,0,200-0,H], cache84.l2cn2652[1,0], kunlun5.cn7379[0,0,304-0,H], kunlun4.cn7379[1,0]
Age: 12615263
Ali-Swift-Global-Savetime: 1723865036
X-Cache: HIT TCP_IMS_HIT dirn:-2:-2
X-Swift-SaveTime: Sat, 17 Aug 2024 03:25:26 GMT
X-Swift-CacheTime: 15551910
Access-Control-Allow-Origin: *
Access-Control-Allow-Methods: POST,GET,HEAD,PUT,DELETE
Access-Control-Max-Age: 3600
Timing-Allow-Origin: *
EagleId: 3cde741817364802995975089e



Connection ID: HTTP_1752489532_288871178_80_58826
=== End of Transaction ===


--- Response ---
Status Code: 304
Content-Type: Unknown

Response Headers:
HTTP/1.1 304 Not Modified
Server: Tengine
Connection: keep-alive
Date: Sat, 03 Aug 2024 13:02:49 GMT
Expires: Sun, 04 Aug 2024 01:02:32 GMT
Cache-Control: max-age=43200
Accept-Ranges: bytes
Origin-Agent-Cluster: ?0
Via: cache27.l2cn3130[0,0,304-0,H], cache35.l2cn3130[1,0], kunlun2.cn7379[0,0,304-0,H], kunlun4.cn7379[2,0]
Last-Modified: Tue, 12 Mar 2024 05:59:37 GMT
ETag: "65efef49-4888"
Age: 13790132
Ali-Swift-Global-Savetime: 1722690167
X-Cache: HIT TCP_IMS_HIT dirn:-2:-2
X-Swift-SaveTime: Thu, 12 Sep 2024 03:09:22 GMT
X-Swift-CacheTime: 12131605
Access-Control-Allow-Origin: *
Access-Control-Allow-Methods: POST,GET,HEAD,PUT,DELETE
Access-Control-Max-Age: 3600
Timing-Allow-Origin: *
EagleId: 3cde741817364802996555220e



Connection ID: HTTP_1752489532_288871178_80_58826
=== End of Transaction ===


--- Response ---
Status Code: 200
Content-Type: Unknown

Response Headers:
HTTP/1.1 200 OK
Server: Tengine
Content-Type: image/png
Content-Length: 693
Connection: keep-alive
Date: Sun, 03 Nov 2024 01:02:16 GMT
Expires: Sun, 03 Nov 2024 13:02:12 GMT
Cache-Control: max-age=43200
Accept-Ranges: bytes
Origin-Agent-Cluster: ?0
Via: cache5.l2cn7484[40,39,304-0,M], cache25.l2cn7484[42,0], kunlun3.cn7379[0,0,200-0,H], kunlun4.cn7379[2,0]
Last-Modified: Tue, 12 Mar 2024 05:59:21 GMT
ETag: "65efef39-2b5"
Age: 5884568
Ali-Swift-Global-Savetime: 1730595732
X-Cache: HIT TCP_MEM_HIT dirn:-2:-2
X-Swift-SaveTime: Sun, 03 Nov 2024 01:02:12 GMT
X-Swift-CacheTime: 15552000
Access-Control-Allow-Origin: *
Access-Control-Allow-Methods: POST,GET,HEAD,PUT,DELETE
Access-Control-Max-Age: 3600
Timing-Allow-Origin: *
EagleId: 3cde741817364803004936968e

‰PNG



Connection ID: HTTP_1752489532_288871178_80_58826
=== End of Transaction ===


--- Response ---
Status Code: 304
Content-Type: Unknown

Response Headers:
HTTP/1.1 304 Not Modified
Server: Tengine
Connection: keep-alive
Date: Fri, 04 Oct 2024 02:39:36 GMT
Expires: Fri, 04 Oct 2024 14:39:32 GMT
Cache-Control: max-age=43200
Origin-Agent-Cluster: ?0
Accept-Ranges: bytes
Via: cache42.l2cn3171[0,0,304-0,H], cache18.l2cn3171[1,0], kunlun9.cn7379[0,0,304-0,H], kunlun4.cn7379[2,0]
Last-Modified: Tue, 12 Mar 2024 05:59:39 GMT
ETag: "65efef4b-582"
Age: 8470733
Ali-Swift-Global-Savetime: 1728009572
X-Cache: HIT TCP_IMS_HIT dirn:-2:-2
X-Swift-SaveTime: Thu, 07 Nov 2024 06:32:04 GMT
X-Swift-CacheTime: 12600448
Access-Control-Allow-Origin: *
Access-Control-Allow-Methods: POST,GET,HEAD,PUT,DELETE
Access-Control-Max-Age: 3600
Timing-Allow-Origin: *
EagleId: 3cde741817364803055727409e



Connection ID: HTTP_1752489532_288871178_80_58826
=== End of Transaction ===


--- Response ---
Status Code: 304
Content-Type: Unknown

Response Headers:
HTTP/1.1 304 Not Modified
Server: Tengine
Connection: keep-alive
Date: Mon, 02 Sep 2024 08:30:40 GMT
Expires: Mon, 02 Sep 2024 20:30:22 GMT
Cache-Control: max-age=43200
Accept-Ranges: bytes
Origin-Agent-Cluster: ?0
Via: cache33.l2cn7484[0,0,304-0,H], cache14.l2cn7484[2,0], kunlun6.cn7379[0,0,304-0,H], kunlun4.cn7379[1,0]
Last-Modified: Tue, 12 Mar 2024 05:59:39 GMT
ETag: "65efef4b-5bc"
Age: 11214467
Ali-Swift-Global-Savetime: 1725265838
X-Cache: HIT TCP_IMS_HIT dirn:-2:-2
X-Swift-SaveTime: Sat, 14 Sep 2024 22:41:58 GMT
X-Swift-CacheTime: 14464120
Access-Control-Allow-Origin: *
Access-Control-Allow-Methods: POST,GET,HEAD,PUT,DELETE
Access-Control-Max-Age: 3600
Timing-Allow-Origin: *
EagleId: 3cde741817364803056007449e



Connection ID: HTTP_1752489532_288871178_80_58826
=== End of Transaction ===


--- Response ---
Status Code: 304
Content-Type: Unknown

Response Headers:
HTTP/1.1 304 Not Modified
Server: Tengine
Connection: keep-alive
Date: Sat, 03 Aug 2024 04:51:01 GMT
Expires: Sat, 03 Aug 2024 16:50:45 GMT
Cache-Control: max-age=43200
Accept-Ranges: bytes
Origin-Agent-Cluster: ?0
Via: cache55.l2cn3130[0,0,304-0,H], cache26.l2cn3130[1,0], kunlun6.cn7379[0,0,304-0,H], kunlun4.cn7379[1,0]
Last-Modified: Tue, 12 Mar 2024 05:59:37 GMT
ETag: "65efef49-16dc5"
Age: 13819645
Ali-Swift-Global-Savetime: 1722660660
X-Cache: HIT TCP_IMS_HIT dirn:-2:-2
X-Swift-SaveTime: Sat, 14 Sep 2024 06:07:39 GMT
X-Swift-CacheTime: 11918601
Access-Control-Allow-Origin: *
Access-Control-Allow-Methods: POST,GET,HEAD,PUT,DELETE
Access-Control-Max-Age: 3600
Timing-Allow-Origin: *
EagleId: 3cde741817364803056497533e



Connection ID: HTTP_1752489532_288871178_80_58826
=== End of Transaction ===

