
--- Response ---
Status Code: 304
Content-Type: Unknown

Response Headers:
HTTP/1.1 304 Not Modified
Server: Tengine
Connection: keep-alive
Date: Mon, 25 Nov 2024 02:57:00 GMT
Expires: Mon, 25 Nov 2024 14:56:55 GMT
Cache-Control: max-age=43200
Accept-Ranges: bytes
Origin-Agent-Cluster: ?0
Via: cache11.l2cn7478[0,0,304-0,H], cache41.l2cn7478[1,0], kunlun5.cn7379[0,0,304-0,H], kunlun2.cn7379[1,0]
Last-Modified: Tue, 12 Mar 2024 05:59:37 GMT
ETag: "65efef49-14f8"
Age: 3976884
Ali-Swift-Global-Savetime: 1732503415
X-Cache: HIT TCP_IMS_HIT dirn:-2:-2
X-Swift-SaveTime: Thu, 05 Dec 2024 00:14:36 GMT
X-Swift-CacheTime: 14697739
Access-Control-Allow-Origin: *
Access-Control-Allow-Methods: POST,GET,HEAD,PUT,DELETE
Access-Control-Max-Age: 3600
Timing-Allow-Origin: *
EagleId: 3cde741617364802993591541e



Connection ID: HTTP_1752489532_288871178_80_58810
=== End of Transaction ===


--- Response ---
Status Code: 304
Content-Type: Unknown

Response Headers:
HTTP/1.1 304 Not Modified
Server: Tengine
Connection: keep-alive
Date: Thu, 28 Nov 2024 20:41:22 GMT
Expires: Fri, 29 Nov 2024 08:41:17 GMT
Cache-Control: max-age=43200
Origin-Agent-Cluster: ?0
Accept-Ranges: bytes
Via: cache37.l2cn3021[0,0,304-0,H], cache41.l2cn3021[1,0], kunlun6.cn7379[0,0,304-0,H], kunlun2.cn7379[1,0]
Last-Modified: Tue, 12 Mar 2024 05:59:30 GMT
ETag: "65efef42-56e"
Age: 3653822
Ali-Swift-Global-Savetime: 1732826477
X-Cache: HIT TCP_IMS_HIT dirn:-2:-2
X-Swift-SaveTime: Sat, 07 Dec 2024 02:55:35 GMT
X-Swift-CacheTime: 14838342
Access-Control-Allow-Origin: *
Access-Control-Allow-Methods: POST,GET,HEAD,PUT,DELETE
Access-Control-Max-Age: 3600
Timing-Allow-Origin: *
EagleId: 3cde741617364802993831615e



Connection ID: HTTP_1752489532_288871178_80_58810
=== End of Transaction ===


--- Response ---
Status Code: 304
Content-Type: Unknown

Response Headers:
HTTP/1.1 304 Not Modified
Server: Tengine
Connection: keep-alive
Date: Thu, 28 Nov 2024 20:41:22 GMT
Expires: Fri, 29 Nov 2024 08:41:17 GMT
Cache-Control: max-age=43200
Origin-Agent-Cluster: ?0
Accept-Ranges: bytes
Via: cache27.l2cn3021[0,0,304-0,H], cache19.l2cn3021[1,0], kunlun5.cn7379[0,0,304-0,H], kunlun2.cn7379[1,0]
Last-Modified: Tue, 12 Mar 2024 05:59:37 GMT
ETag: "65efef49-1fac"
Age: 3653822
Ali-Swift-Global-Savetime: 1732826477
X-Cache: HIT TCP_IMS_HIT dirn:-2:-2
X-Swift-SaveTime: Mon, 02 Dec 2024 07:34:59 GMT
X-Swift-CacheTime: 15253578
Access-Control-Allow-Origin: *
Access-Control-Allow-Methods: POST,GET,HEAD,PUT,DELETE
Access-Control-Max-Age: 3600
Timing-Allow-Origin: *
EagleId: 3cde741617364802995221893e



Connection ID: HTTP_1752489532_288871178_80_58810
=== End of Transaction ===


--- Response ---
Status Code: 304
Content-Type: Unknown

Response Headers:
HTTP/1.1 304 Not Modified
Server: Tengine
Connection: keep-alive
Date: Mon, 22 Jul 2024 11:56:04 GMT
Last-Modified: Tue, 12 Mar 2024 05:59:20 GMT
ETag: "65efef38-4e0"
Expires: Mon, 22 Jul 2024 23:55:48 GMT
Cache-Control: max-age=43200
Accept-Ranges: bytes
Origin-Agent-Cluster: ?0
Via: cache83.l2cn2652[0,0,200-0,H], cache77.l2cn2652[1,0], kunlun7.cn7379[0,0,304-0,H], kunlun2.cn7379[0,0]
Age: 14830937
Ali-Swift-Global-Savetime: 1721649362
X-Cache: HIT TCP_IMS_HIT dirn:-2:-2
X-Swift-SaveTime: Tue, 06 Aug 2024 01:30:06 GMT
X-Swift-CacheTime: 14293556
Access-Control-Allow-Origin: *
Access-Control-Allow-Methods: POST,GET,HEAD,PUT,DELETE
Access-Control-Max-Age: 3600
Timing-Allow-Origin: *
EagleId: 3cde741617364802995681999e



Connection ID: HTTP_1752489532_288871178_80_58810
=== End of Transaction ===

