
=== HTTP Transaction at Fri Jan 10 11:32:37 2025
Source IP: 10.211.55.17
Source Port: 34966
Destination IP: 117.21.178.69
Destination Port: 80

--- Request ---
Method: GET
URI: /live/ueditor/php/upload/1736785/image/20230401/1680335756789167.jpeg@1e_1c_220w_220h_90Q
Host: Unknown

Request Headers:
GET /live/ueditor/php/upload/1736785/image/20230401/1680335756789167.jpeg@1e_1c_220w_220h_90Q HTTP/1.1
Host: oss10.huangye88.net
User-Agent: Mozilla/5.0 (X11; Linux aarch64; rv:109.0) Gecko/20100101 Firefox/115.0
Accept: image/avif,image/webp,*/*
Accept-Language: en-US,en;q=0.5
Accept-Encoding: gzip, deflate
Connection: keep-alive
Referer: http://shtongxi.b2b.huangye88.com/
If-Modified-Since: Tue, 07 Nov 2023 09:29:37 GMT
If-None-Match: "654a0381-40f8"



=== HTTP Transaction at Fri Jan 10 11:32:37 2025
Source IP: 10.211.55.17
Source Port: 34966
Destination IP: 117.21.178.69
Destination Port: 80

--- Request ---
Method: GET
URI: /live/user/1736785/1687250172087616700-0.jpg@1e_1c_220w_220h_90Q
Host: Unknown

Request Headers:
GET /live/user/1736785/1687250172087616700-0.jpg@1e_1c_220w_220h_90Q HTTP/1.1
Host: oss10.huangye88.net
User-Agent: Mozilla/5.0 (X11; Linux aarch64; rv:109.0) Gecko/20100101 Firefox/115.0
Accept: image/avif,image/webp,*/*
Accept-Language: en-US,en;q=0.5
Accept-Encoding: gzip, deflate
Connection: keep-alive
Referer: http://shtongxi.b2b.huangye88.com/
If-Modified-Since: Thu, 23 Nov 2023 14:57:27 GMT
If-None-Match: "655f6857-2493"



=== HTTP Transaction at Fri Jan 10 11:32:37 2025
Source IP: 10.211.55.17
Source Port: 34966
Destination IP: 117.21.178.69
Destination Port: 80

--- Request ---
Method: GET
URI: /live/ueditor/php/upload/1736785/image/20230401/1680335757535053.jpg@1e_1c_220w_220h_90Q
Host: Unknown

Request Headers:
GET /live/ueditor/php/upload/1736785/image/20230401/1680335757535053.jpg@1e_1c_220w_220h_90Q HTTP/1.1
Host: oss10.huangye88.net
User-Agent: Mozilla/5.0 (X11; Linux aarch64; rv:109.0) Gecko/20100101 Firefox/115.0
Accept: image/avif,image/webp,*/*
Accept-Language: en-US,en;q=0.5
Accept-Encoding: gzip, deflate
Connection: keep-alive
Referer: http://shtongxi.b2b.huangye88.com/


