
--- Response ---
Status Code: 304
Content-Type: Unknown

Response Headers:
HTTP/1.1 304 Not Modified
Server: Tengine
Connection: keep-alive
Date: Sat, 03 Aug 2024 04:51:01 GMT
Expires: Sat, 03 Aug 2024 16:50:45 GMT
Cache-Control: max-age=43200
Accept-Ranges: bytes
Origin-Agent-Cluster: ?0
Via: cache55.l2cn3130[0,0,304-0,H], cache26.l2cn3130[1,0], kunlun6.cn7379[0,0,304-0,H], kunlun9.cn7379[1,0]
Last-Modified: Tue, 12 Mar 2024 05:59:37 GMT
ETag: "65efef49-16dc5"
Age: 13819639
Ali-Swift-Global-Savetime: 1722660660
X-Cache: HIT TCP_IMS_HIT dirn:-2:-2
X-Swift-SaveTime: Sat, 14 Sep 2024 06:07:39 GMT
X-Swift-CacheTime: 11918601
Access-Control-Allow-Origin: *
Access-Control-Allow-Methods: POST,GET,HEAD,PUT,DELETE
Access-Control-Max-Age: 3600
Timing-Allow-Origin: *
EagleId: 3cde741d17364802994613487e



Connection ID: HTTP_1752489532_288871178_80_58802
=== End of Transaction ===


--- Response ---
Status Code: 304
Content-Type: Unknown

Response Headers:
HTTP/1.1 304 Not Modified
Server: Tengine
Connection: keep-alive
Date: Mon, 02 Sep 2024 16:56:00 GMT
Expires: Tue, 03 Sep 2024 04:55:42 GMT
Cache-Control: max-age=43200
Accept-Ranges: bytes
Origin-Agent-Cluster: ?0
Via: cache31.l2cn7484[0,0,304-0,H], cache39.l2cn7484[1,0], kunlun7.cn7379[0,0,304-0,H], kunlun9.cn7379[1,0]
Last-Modified: Tue, 12 Mar 2024 05:59:37 GMT
ETag: "65efef49-8190"
Age: 11184141
Ali-Swift-Global-Savetime: 1725296158
X-Cache: HIT TCP_IMS_HIT dirn:-2:-2
X-Swift-SaveTime: Sun, 24 Nov 2024 08:10:18 GMT
X-Swift-CacheTime: 8412340
Access-Control-Allow-Origin: *
Access-Control-Allow-Methods: POST,GET,HEAD,PUT,DELETE
Access-Control-Max-Age: 3600
Timing-Allow-Origin: *
EagleId: 3cde741d17364802995353645e



Connection ID: HTTP_1752489532_288871178_80_58802
=== End of Transaction ===


--- Response ---
Status Code: 304
Content-Type: Unknown

Response Headers:
HTTP/1.1 304 Not Modified
Server: Tengine
Connection: keep-alive
Date: Wed, 20 Nov 2024 08:31:02 GMT
Expires: Wed, 20 Nov 2024 20:30:57 GMT
Cache-Control: max-age=43200
Accept-Ranges: bytes
Origin-Agent-Cluster: ?0
Via: cache26.l2cn7484[0,9,304-0,H], cache10.l2cn7484[10,0], kunlun4.cn7379[0,0,304-0,H], kunlun9.cn7379[1,0]
Last-Modified: Tue, 12 Mar 2024 05:59:37 GMT
ETag: "65efef49-64c9"
Age: 4388842
Ali-Swift-Global-Savetime: 1732091457
X-Cache: HIT TCP_IMS_HIT dirn:-2:-2
X-Swift-SaveTime: Thu, 28 Nov 2024 21:42:21 GMT
X-Swift-CacheTime: 14813316
Access-Control-Allow-Origin: *
Access-Control-Allow-Methods: POST,GET,HEAD,PUT,DELETE
Access-Control-Max-Age: 3600
Timing-Allow-Origin: *
EagleId: 3cde741d17364802996503901e



Connection ID: HTTP_1752489532_288871178_80_58802
=== End of Transaction ===


--- Response ---
Status Code: 200
Content-Type: Unknown

Response Headers:
HTTP/1.1 200 OK
Server: Tengine
Content-Type: image/png
Content-Length: 16860
Connection: keep-alive
Date: Sat, 30 Nov 2024 13:23:16 GMT
Expires: Sun, 01 Dec 2024 01:23:10 GMT
Cache-Control: max-age=43200
Origin-Agent-Cluster: ?0
Accept-Ranges: bytes
Via: cache4.l2cn3021[0,0,304-0,H], cache51.l2cn3021[1,0], kunlun10.cn7379[0,0,200-0,H], kunlun9.cn7379[2,0]
Last-Modified: Tue, 12 Mar 2024 05:59:20 GMT
ETag: "65efef38-41dc"
Age: 3507310
Ali-Swift-Global-Savetime: 1732972990
X-Cache: HIT TCP_MEM_HIT dirn:-2:-2
X-Swift-SaveTime: Sat, 30 Nov 2024 13:28:58 GMT
X-Swift-CacheTime: 15551652
Access-Control-Allow-Origin: *
Access-Control-Allow-Methods: POST,GET,HEAD,PUT,DELETE
Access-Control-Max-Age: 3600
Timing-Allow-Origin: *
EagleId: 3cde741d17364803004985746e

‰PNG



Connection ID: HTTP_1752489532_288871178_80_58802
=== End of Transaction ===


--- Response ---
Status Code: 304
Content-Type: Unknown

Response Headers:
HTTP/1.1 304 Not Modified
Server: Tengine
Connection: keep-alive
Date: Mon, 02 Sep 2024 03:13:30 GMT
Expires: Mon, 02 Sep 2024 15:13:12 GMT
Cache-Control: max-age=43200
Accept-Ranges: bytes
Origin-Agent-Cluster: ?0
Via: cache50.l2cn7484[0,0,304-0,H], cache28.l2cn7484[2,0], kunlun6.cn7379[0,0,304-0,H], kunlun9.cn7379[1,0]
Last-Modified: Tue, 12 Mar 2024 05:59:39 GMT
ETag: "65efef4b-437f"
Age: 11233492
Ali-Swift-Global-Savetime: 1725246808
X-Cache: HIT TCP_IMS_HIT dirn:-2:-2
X-Swift-SaveTime: Sun, 29 Sep 2024 06:59:01 GMT
X-Swift-CacheTime: 13205667
Access-Control-Allow-Origin: *
Access-Control-Allow-Methods: POST,GET,HEAD,PUT,DELETE
Access-Control-Max-Age: 3600
Timing-Allow-Origin: *
EagleId: 3cde741d17364803008036268e



Connection ID: HTTP_1752489532_288871178_80_58802
=== End of Transaction ===


--- Response ---
Status Code: 304
Content-Type: Unknown

Response Headers:
HTTP/1.1 304 Not Modified
Server: Tengine
Connection: keep-alive
Date: Sun, 04 Aug 2024 09:15:11 GMT
Expires: Sun, 04 Aug 2024 21:14:54 GMT
Cache-Control: max-age=43200
Accept-Ranges: bytes
Origin-Agent-Cluster: ?0
Via: cache70.l2cn3130[0,0,304-0,H], cache33.l2cn3130[1,0], kunlun7.cn7379[0,0,304-0,H], kunlun9.cn7379[0,0]
Last-Modified: Tue, 12 Mar 2024 05:59:39 GMT
ETag: "65efef4b-27c"
Age: 13717396
Ali-Swift-Global-Savetime: 1722762909
X-Cache: HIT TCP_IMS_HIT dirn:-2:-2
X-Swift-SaveTime: Sat, 14 Sep 2024 07:18:59 GMT
X-Swift-CacheTime: 12016570
Access-Control-Allow-Origin: *
Access-Control-Allow-Methods: POST,GET,HEAD,PUT,DELETE
Access-Control-Max-Age: 3600
Timing-Allow-Origin: *
EagleId: 3cde741d17364803055736489e



Connection ID: HTTP_1752489532_288871178_80_58802
=== End of Transaction ===


--- Response ---
Status Code: 304
Content-Type: Unknown

Response Headers:
HTTP/1.1 304 Not Modified
Server: Tengine
Connection: keep-alive
Date: Wed, 21 Aug 2024 19:56:35 GMT
Expires: Thu, 22 Aug 2024 07:56:17 GMT
Cache-Control: max-age=43200
Accept-Ranges: bytes
Origin-Agent-Cluster: ?0
Via: cache46.l2cn3021[0,0,304-0,H], cache63.l2cn3021[1,0], kunlun2.cn7379[0,0,304-0,H], kunlun9.cn7379[0,0]
Last-Modified: Tue, 12 Mar 2024 05:59:39 GMT
ETag: "65efef4b-1aae7"
Age: 12210113
Ali-Swift-Global-Savetime: 1724270192
X-Cache: HIT TCP_IMS_HIT dirn:-2:-2
X-Swift-SaveTime: Sun, 29 Sep 2024 12:07:58 GMT
X-Swift-CacheTime: 12210514
Access-Control-Allow-Origin: *
Access-Control-Allow-Methods: POST,GET,HEAD,PUT,DELETE
Access-Control-Max-Age: 3600
Timing-Allow-Origin: *
EagleId: 3cde741d17364803056046531e



Connection ID: HTTP_1752489532_288871178_80_58802
=== End of Transaction ===


--- Response ---
Status Code: 304
Content-Type: Unknown

Response Headers:
HTTP/1.1 304 Not Modified
Server: Tengine
Connection: keep-alive
Date: Sun, 03 Nov 2024 02:04:05 GMT
Expires: Sun, 03 Nov 2024 14:04:00 GMT
Cache-Control: max-age=43200
Accept-Ranges: bytes
Origin-Agent-Cluster: ?0
Via: cache21.l2cn7478[0,0,304-0,H], cache21.l2cn7478[1,0], kunlun10.cn7379[0,0,304-0,H], kunlun9.cn7379[1,0]
Vary: Accept-Encoding
Last-Modified: Tue, 12 Mar 2024 05:59:39 GMT
ETag: "65efef4b-ee8"
Age: 5880865
Ali-Swift-Global-Savetime: 1730599440
X-Cache: HIT TCP_IMS_HIT dirn:-2:-2
X-Swift-SaveTime: Thu, 05 Dec 2024 00:14:37 GMT
X-Swift-CacheTime: 12793763
Access-Control-Allow-Origin: *
Access-Control-Allow-Methods: POST,GET,HEAD,PUT,DELETE
Access-Control-Max-Age: 3600
Timing-Allow-Origin: *
EagleId: 3cde741d17364803056476616e



Connection ID: HTTP_1752489532_288871178_80_58802
=== End of Transaction ===


--- Response ---
Status Code: 304
Content-Type: Unknown

Response Headers:
HTTP/1.1 304 Not Modified
Server: Tengine
Connection: keep-alive
Date: Sat, 14 Sep 2024 10:48:18 GMT
Expires: Sat, 14 Sep 2024 22:48:15 GMT
Cache-Control: max-age=43200
Accept-Ranges: bytes
Origin-Agent-Cluster: ?0
Via: cache39.l2cn7484[0,0,304-0,H], cache12.l2cn7484[1,0], kunlun9.cn7379[0,0,304-0,H], kunlun9.cn7379[0,0]
Last-Modified: Tue, 12 Mar 2024 05:59:39 GMT
ETag: "65efef4b-89b"
Age: 10169413
Ali-Swift-Global-Savetime: 1726310895
X-Cache: HIT TCP_IMS_HIT dirn:-2:-2
X-Swift-SaveTime: Sat, 14 Sep 2024 22:39:45 GMT
X-Swift-CacheTime: 15509310
Access-Control-Allow-Origin: *
Access-Control-Allow-Methods: POST,GET,HEAD,PUT,DELETE
Access-Control-Max-Age: 3600
Timing-Allow-Origin: *
EagleId: 3cde741d17364803083512921e



Connection ID: HTTP_1752489532_288871178_80_58802
=== End of Transaction ===

